#
# There is insufficient memory for the Java Runtime Environment to continue.
# Native memory allocation (mmap) failed to map 15728640 bytes for G1 virtual space
# Possible reasons:
#   The system is out of physical RAM or swap space
#   The process is running with CompressedOops enabled, and the Java Heap may be blocking the growth of the native heap
# Possible solutions:
#   Reduce memory load on the system
#   Increase physical memory or swap space
#   Check if swap backing store is full
#   Decrease Java heap size (-Xmx/-Xms)
#   Decrease number of Java threads
#   Decrease Java thread stack sizes (-Xss)
#   Set larger code cache with -XX:ReservedCodeCacheSize=
#   JVM is running with Unscaled Compressed Oops mode in which the Java heap is
#     placed in the first 4GB address space. The Java Heap base address is the
#     maximum limit for the native heap growth. Please use -XX:HeapBaseMinAddress
#     to set the Java Heap base and to place the Java Heap above 4GB virtual address.
# This output file may be truncated or incomplete.
#
#  Out of Memory Error (os_windows.cpp:3536), pid=27296, tid=28760
#
# JRE version: Java(TM) SE Runtime Environment (19.0.2+7) (build 19.0.2+7-44)
# Java VM: Java HotSpot(TM) 64-Bit Server VM (19.0.2+7-44, mixed mode, sharing, tiered, compressed oops, compressed class ptrs, g1 gc, windows-amd64)
# No core dump will be written. Minidumps are not enabled by default on client versions of Windows
#

---------------  S U M M A R Y ------------

Command Line: -XX:MaxMetaspaceSize=512m --add-opens=java.base/java.util=ALL-UNNAMED --add-opens=java.base/java.lang=ALL-UNNAMED --add-opens=java.base/java.lang.invoke=ALL-UNNAMED --add-opens=java.prefs/java.util.prefs=ALL-UNNAMED --add-opens=java.base/java.nio.charset=ALL-UNNAMED --add-opens=java.base/java.net=ALL-UNNAMED --add-opens=java.base/java.util.concurrent.atomic=ALL-UNNAMED -Xmx2048m -Dfile.encoding=UTF-8 -Duser.country=KR -Duser.language=ko -Duser.variant org.gradle.launcher.daemon.bootstrap.GradleDaemon 8.0.1

Host: 11th Gen Intel(R) Core(TM) i5-1135G7 @ 2.40GHz, 8 cores, 7G,  Windows 11 , 64 bit Build 22621 (10.0.22621.2070)
Time: Mon Sep  4 15:44:24 2023  Windows 11 , 64 bit Build 22621 (10.0.22621.2070) elapsed time: 363.147936 seconds (0d 0h 6m 3s)

---------------  T H R E A D  ---------------

Current thread (0x0000026eb9ca0030):  VMThread "VM Thread" [stack: 0x000000cb1d700000,0x000000cb1d800000] [id=28760]

Stack: [0x000000cb1d700000,0x000000cb1d800000]
Native frames: (J=compiled Java code, j=interpreted, Vv=VM code, C=native code)
V  [jvm.dll+0x6ee21a]
V  [jvm.dll+0x85765e]
V  [jvm.dll+0x85904e]
V  [jvm.dll+0x859703]
V  [jvm.dll+0x28298f]
V  [jvm.dll+0x6eb009]
V  [jvm.dll+0x6dfbaa]
V  [jvm.dll+0x3573f6]
V  [jvm.dll+0x35ee56]
V  [jvm.dll+0x3b541e]
V  [jvm.dll+0x3b564f]
V  [jvm.dll+0x32c9ea]
V  [jvm.dll+0x32f576]
V  [jvm.dll+0x33a0f5]
V  [jvm.dll+0x372bc0]
V  [jvm.dll+0x85ebc3]
V  [jvm.dll+0x85f989]
V  [jvm.dll+0x85febd]
V  [jvm.dll+0x86034b]
V  [jvm.dll+0x860407]
V  [jvm.dll+0x80125a]
V  [jvm.dll+0x6ecf0b]
C  [ucrtbase.dll+0x29363]
C  [KERNEL32.DLL+0x126ad]
C  [ntdll.dll+0x5aa68]

VM_Operation (0x000000cb1d3ffa80): G1PauseRemark, mode: safepoint, requested by thread 0x0000026e994c44b0


---------------  P R O C E S S  ---------------

Threads class SMR info:
_java_thread_list=0x0000026ec191db80, length=135, elements={
0x0000026e994528c0, 0x0000026eb9cbe2c0, 0x0000026eb9cbecf0, 0x0000026eb9cbf820,
0x0000026eb9cc4270, 0x0000026eb9cc4ba0, 0x0000026eb9cc74e0, 0x0000026eb9cca550,
0x0000026eb9ccced0, 0x0000026eb9ccd840, 0x0000026ebe099b00, 0x0000026ebe09c050,
0x0000026ebedc73e0, 0x0000026ebef7ca50, 0x0000026ebf18dc40, 0x0000026ebea22b20,
0x0000026ebe26acc0, 0x0000026ebe979760, 0x0000026ebeba86f0, 0x0000026ebeafe5a0,
0x0000026ebeaff040, 0x0000026ebeafc5c0, 0x0000026ebeafcb10, 0x0000026ebeafd060,
0x0000026ebeafdb00, 0x0000026ebeafe050, 0x0000026ebeafc070, 0x0000026ec00a2630,
0x0000026ec00a40c0, 0x0000026ec00a85d0, 0x0000026ec00a7b30, 0x0000026ec00a8b20,
0x0000026ec00a7090, 0x0000026ec00a75e0, 0x0000026ec00a30d0, 0x0000026ec00a10f0,
0x0000026ec00a1b90, 0x0000026ec00a20e0, 0x0000026ec00a50b0, 0x0000026ec00a60a0,
0x0000026ec00a3b70, 0x0000026ec00a65f0, 0x0000026ec00a4b60, 0x0000026ec00a2b80,
0x0000026ec00a5600, 0x0000026ec00a3620, 0x0000026ec00a5b50, 0x0000026ec00a6b40,
0x0000026ec00a4610, 0x0000026ebeafeaf0, 0x0000026ebeaff590, 0x0000026ebebb07c0,
0x0000026ebebb0d10, 0x0000026ebebaf280, 0x0000026ebebacd50, 0x0000026ebebb0270,
0x0000026ebebb1260, 0x0000026ebebae290, 0x0000026ebebaa820, 0x0000026ebebac2b0,
0x0000026ebebb17b0, 0x0000026ebebb2250, 0x0000026ebebad2a0, 0x0000026ebebac800,
0x0000026ebebb1d00, 0x0000026ebebad7f0, 0x0000026ebebae7e0, 0x0000026ebebabd60,
0x0000026ebebaad70, 0x0000026ebebadd40, 0x0000026ebebaf7d0, 0x0000026ebebab810,
0x0000026ec26075a0, 0x0000026ec26045d0, 0x0000026ec26055c0, 0x0000026ec2607050,
0x0000026ec2605b10, 0x0000026ec2606060, 0x0000026ec2606b00, 0x0000026ec26065b0,
0x0000026ec2604080, 0x0000026ec2605070, 0x0000026ec25b5fa0, 0x0000026ec25b4a60,
0x0000026ec25b5a50, 0x0000026ec25b4fb0, 0x0000026ec25b5500, 0x0000026ec25b64f0,
0x0000026ec25b2fd0, 0x0000026ec25b3520, 0x0000026ec25b3a70, 0x0000026ec25b3fc0,
0x0000026ec25b4510, 0x0000026ec1c2b9c0, 0x0000026ec1c27a00, 0x0000026ec1c24a30,
0x0000026ec1c25f70, 0x0000026ec1c2af20, 0x0000026ec1c254d0, 0x0000026ec1c2a9d0,
0x0000026ec1c264c0, 0x0000026ec1c289f0, 0x0000026ec1c26f60, 0x0000026ec1c25a20,
0x0000026ec1c29490, 0x0000026ec1c26a10, 0x0000026ec1c244e0, 0x0000026ec1c2bf10,
0x0000026ec1c27f50, 0x0000026ec1c24f80, 0x0000026ec1c299e0, 0x0000026ec1c274b0,
0x0000026ec1c284a0, 0x0000026ec1c29f30, 0x0000026ec1c2a480, 0x0000026ec1c2b470,
0x0000026ec0dd7c40, 0x0000026ec0dd9180, 0x0000026ec0ddb160, 0x0000026ec0dda6c0,
0x0000026ec0dd8190, 0x0000026ec0dd6700, 0x0000026ec0dd6c50, 0x0000026ec0ddac10,
0x0000026ec0ddc6a0, 0x0000026ec0dd9c20, 0x0000026ec0ddd690, 0x0000026ec0dde130,
0x0000026ec0ddb6b0, 0x0000026ec0ddd140, 0x0000026ec0ddbc00, 0x0000026ec0dddbe0,
0x0000026ec0dd86e0, 0x0000026ec0ddcbf0, 0x0000026ec0dd71a0
}

Java Threads: ( => current thread )
  0x0000026e994528c0 JavaThread "main" [_thread_blocked, id=28200, stack(0x000000cb1d100000,0x000000cb1d200000)]
  0x0000026eb9cbe2c0 JavaThread "Reference Handler" daemon [_thread_blocked, id=28804, stack(0x000000cb1d800000,0x000000cb1d900000)]
  0x0000026eb9cbecf0 JavaThread "Finalizer" daemon [_thread_blocked, id=28808, stack(0x000000cb1d900000,0x000000cb1da00000)]
  0x0000026eb9cbf820 JavaThread "Signal Dispatcher" daemon [_thread_blocked, id=28812, stack(0x000000cb1da00000,0x000000cb1db00000)]
  0x0000026eb9cc4270 JavaThread "Attach Listener" daemon [_thread_blocked, id=28816, stack(0x000000cb1db00000,0x000000cb1dc00000)]
  0x0000026eb9cc4ba0 JavaThread "Service Thread" daemon [_thread_blocked, id=28820, stack(0x000000cb1dc00000,0x000000cb1dd00000)]
  0x0000026eb9cc74e0 JavaThread "Monitor Deflation Thread" daemon [_thread_blocked, id=28824, stack(0x000000cb1dd00000,0x000000cb1de00000)]
  0x0000026eb9cca550 JavaThread "C2 CompilerThread0" daemon [_thread_blocked, id=28828, stack(0x000000cb1de00000,0x000000cb1df00000)]
  0x0000026eb9ccced0 JavaThread "C1 CompilerThread0" daemon [_thread_blocked, id=28832, stack(0x000000cb1df00000,0x000000cb1e000000)]
  0x0000026eb9ccd840 JavaThread "Sweeper thread" daemon [_thread_blocked, id=28836, stack(0x000000cb1e000000,0x000000cb1e100000)]
  0x0000026ebe099b00 JavaThread "Common-Cleaner" daemon [_thread_blocked, id=28920, stack(0x000000cb1e100000,0x000000cb1e200000)]
  0x0000026ebe09c050 JavaThread "Notification Thread" daemon [_thread_blocked, id=28924, stack(0x000000cb1e200000,0x000000cb1e300000)]
  0x0000026ebedc73e0 JavaThread "Daemon health stats" [_thread_blocked, id=29564, stack(0x000000cb1e800000,0x000000cb1e900000)]
  0x0000026ebef7ca50 JavaThread "Incoming local TCP Connector on port 55832" [_thread_in_native, id=23704, stack(0x000000cb1e900000,0x000000cb1ea00000)]
  0x0000026ebf18dc40 JavaThread "Daemon periodic checks" [_thread_blocked, id=23452, stack(0x000000cb1ea00000,0x000000cb1eb00000)]
  0x0000026ebea22b20 JavaThread "Daemon" [_thread_blocked, id=26700, stack(0x000000cb1eb00000,0x000000cb1ec00000)]
  0x0000026ebe26acc0 JavaThread "Handler for socket connection from /127.0.0.1:55832 to /127.0.0.1:55837" [_thread_in_native, id=23356, stack(0x000000cb1ec00000,0x000000cb1ed00000)]
  0x0000026ebe979760 JavaThread "Cancel handler" [_thread_blocked, id=24044, stack(0x000000cb1ed00000,0x000000cb1ee00000)]
  0x0000026ebeba86f0 JavaThread "Daemon worker" [_thread_blocked, id=19704, stack(0x000000cb1ee00000,0x000000cb1ef00000)]
  0x0000026ebeafe5a0 JavaThread "Asynchronous log dispatcher for DefaultDaemonConnection: socket connection from /127.0.0.1:55832 to /127.0.0.1:55837" [_thread_blocked, id=29732, stack(0x000000cb1ef00000,0x000000cb1f000000)]
  0x0000026ebeaff040 JavaThread "Daemon client event forwarder" [_thread_blocked, id=29748, stack(0x000000cb1f100000,0x000000cb1f200000)]
  0x0000026ebeafc5c0 JavaThread "Cache worker for journal cache (C:\Users\ghshg\.gradle\caches\journal-1)" [_thread_blocked, id=29852, stack(0x000000cb1f200000,0x000000cb1f300000)]
  0x0000026ebeafcb10 JavaThread "File lock request listener" [_thread_in_native, id=29864, stack(0x000000cb1f300000,0x000000cb1f400000)]
  0x0000026ebeafd060 JavaThread "Cache worker for file hash cache (C:\Users\ghshg\.gradle\caches\8.0.1\fileHashes)" [_thread_blocked, id=29928, stack(0x000000cb1f500000,0x000000cb1f600000)]
  0x0000026ebeafdb00 JavaThread "File watcher server" daemon [_thread_in_native, id=30284, stack(0x000000cb1f900000,0x000000cb1fa00000)]
  0x0000026ebeafe050 JavaThread "File watcher consumer" daemon [_thread_blocked, id=30288, stack(0x000000cb1fa00000,0x000000cb1fb00000)]
  0x0000026ebeafc070 JavaThread "Cache worker for checksums cache (C:\react-native\Arriversary\android\.gradle\8.0.1\checksums)" [_thread_blocked, id=30312, stack(0x000000cb1fc00000,0x000000cb1fd00000)]
  0x0000026ec00a2630 JavaThread "Cache worker for cache directory md-rule (C:\Users\ghshg\.gradle\caches\8.0.1\md-rule)" [_thread_blocked, id=30332, stack(0x000000cb1fd00000,0x000000cb1fe00000)]
  0x0000026ec00a40c0 JavaThread "Cache worker for file content cache (C:\Users\ghshg\.gradle\caches\8.0.1\fileContent)" [_thread_blocked, id=30360, stack(0x000000cb1fe00000,0x000000cb1ff00000)]
  0x0000026ec00a85d0 JavaThread "Cache worker for file hash cache (C:\react-native\Arriversary\android\.gradle\8.0.1\fileHashes)" [_thread_blocked, id=30472, stack(0x000000cb1ff00000,0x000000cb20000000)]
  0x0000026ec00a7b30 JavaThread "Cache worker for cache directory md-supplier (C:\Users\ghshg\.gradle\caches\8.0.1\md-supplier)" [_thread_blocked, id=30476, stack(0x000000cb20000000,0x000000cb20100000)]
  0x0000026ec00a8b20 JavaThread "Cache worker for execution history cache (C:\Users\ghshg\.gradle\caches\8.0.1\executionHistory)" [_thread_blocked, id=30508, stack(0x000000cb20100000,0x000000cb20200000)]
  0x0000026ec00a7090 JavaThread "jar transforms" [_thread_blocked, id=30376, stack(0x000000cb20200000,0x000000cb20300000)]
  0x0000026ec00a75e0 JavaThread "jar transforms Thread 2" [_thread_blocked, id=31480, stack(0x000000cb20500000,0x000000cb20600000)]
  0x0000026ec00a30d0 JavaThread "jar transforms Thread 3" [_thread_blocked, id=31560, stack(0x000000cb20600000,0x000000cb20700000)]
  0x0000026ec00a10f0 JavaThread "jar transforms Thread 4" [_thread_blocked, id=25616, stack(0x000000cb1ce00000,0x000000cb1cf00000)]
  0x0000026ec00a1b90 JavaThread "Cache worker for kotlin-dsl (C:\Users\ghshg\.gradle\caches\8.0.1\kotlin-dsl)" [_thread_blocked, id=31904, stack(0x000000cb1cf00000,0x000000cb1d000000)]
  0x0000026ec00a20e0 JavaThread "File lock release action executor Thread 2" [_thread_blocked, id=31912, stack(0x000000cb1d000000,0x000000cb1d100000)]
  0x0000026ec00a50b0 JavaThread "jar transforms Thread 5" [_thread_blocked, id=23976, stack(0x000000cb1f000000,0x000000cb1f100000)]
  0x0000026ec00a60a0 JavaThread "jar transforms Thread 6" [_thread_blocked, id=33488, stack(0x000000cb1f400000,0x000000cb1f500000)]
  0x0000026ec00a3b70 JavaThread "Cache worker for dependencies-accessors (C:\react-native\Arriversary\android\.gradle\8.0.1\dependencies-accessors)" [_thread_blocked, id=32940, stack(0x000000cb20300000,0x000000cb20400000)]
  0x0000026ec00a65f0 JavaThread "Cache worker for Build Output Cleanup Cache (C:\react-native\Arriversary\node_modules\@react-native\gradle-plugin\.gradle\buildOutputCleanup)" [_thread_blocked, id=30756, stack(0x000000cb20400000,0x000000cb20500000)]
  0x0000026ec00a4b60 JavaThread "jar transforms Thread 7" [_thread_blocked, id=34708, stack(0x000000cb20700000,0x000000cb20800000)]
  0x0000026ec00a2b80 JavaThread "Unconstrained build operations" [_thread_blocked, id=24212, stack(0x000000cb20900000,0x000000cb20a00000)]
  0x0000026ec00a5600 JavaThread "Unconstrained build operations Thread 2" [_thread_blocked, id=32032, stack(0x000000cb20a00000,0x000000cb20b00000)]
  0x0000026ec00a3620 JavaThread "Unconstrained build operations Thread 3" [_thread_blocked, id=2836, stack(0x000000cb20b00000,0x000000cb20c00000)]
  0x0000026ec00a5b50 JavaThread "Unconstrained build operations Thread 4" [_thread_blocked, id=25536, stack(0x000000cb20c00000,0x000000cb20d00000)]
  0x0000026ec00a6b40 JavaThread "Unconstrained build operations Thread 5" [_thread_blocked, id=29140, stack(0x000000cb20d00000,0x000000cb20e00000)]
  0x0000026ec00a4610 JavaThread "Unconstrained build operations Thread 6" [_thread_blocked, id=24596, stack(0x000000cb20e00000,0x000000cb20f00000)]
  0x0000026ebeafeaf0 JavaThread "Unconstrained build operations Thread 7" [_thread_blocked, id=11824, stack(0x000000cb20f00000,0x000000cb21000000)]
  0x0000026ebeaff590 JavaThread "Unconstrained build operations Thread 8" [_thread_blocked, id=17680, stack(0x000000cb21000000,0x000000cb21100000)]
  0x0000026ebebb07c0 JavaThread "Unconstrained build operations Thread 9" [_thread_blocked, id=33784, stack(0x000000cb21100000,0x000000cb21200000)]
  0x0000026ebebb0d10 JavaThread "Unconstrained build operations Thread 10" [_thread_blocked, id=33780, stack(0x000000cb21200000,0x000000cb21300000)]
  0x0000026ebebaf280 JavaThread "Unconstrained build operations Thread 11" [_thread_blocked, id=32788, stack(0x000000cb21300000,0x000000cb21400000)]
  0x0000026ebebacd50 JavaThread "Unconstrained build operations Thread 12" [_thread_blocked, id=32796, stack(0x000000cb21400000,0x000000cb21500000)]
  0x0000026ebebb0270 JavaThread "Unconstrained build operations Thread 13" [_thread_blocked, id=33544, stack(0x000000cb21500000,0x000000cb21600000)]
  0x0000026ebebb1260 JavaThread "Unconstrained build operations Thread 14" [_thread_blocked, id=33788, stack(0x000000cb21600000,0x000000cb21700000)]
  0x0000026ebebae290 JavaThread "Unconstrained build operations Thread 15" [_thread_blocked, id=33776, stack(0x000000cb21700000,0x000000cb21800000)]
  0x0000026ebebaa820 JavaThread "Unconstrained build operations Thread 16" [_thread_blocked, id=32784, stack(0x000000cb21800000,0x000000cb21900000)]
  0x0000026ebebac2b0 JavaThread "Unconstrained build operations Thread 17" [_thread_blocked, id=33580, stack(0x000000cb21900000,0x000000cb21a00000)]
  0x0000026ebebb17b0 JavaThread "Unconstrained build operations Thread 18" [_thread_blocked, id=33748, stack(0x000000cb21a00000,0x000000cb21b00000)]
  0x0000026ebebb2250 JavaThread "Unconstrained build operations Thread 19" [_thread_blocked, id=33532, stack(0x000000cb21b00000,0x000000cb21c00000)]
  0x0000026ebebad2a0 JavaThread "Unconstrained build operations Thread 20" [_thread_blocked, id=33732, stack(0x000000cb21c00000,0x000000cb21d00000)]
  0x0000026ebebac800 JavaThread "Unconstrained build operations Thread 21" [_thread_blocked, id=33768, stack(0x000000cb21d00000,0x000000cb21e00000)]
  0x0000026ebebb1d00 JavaThread "Unconstrained build operations Thread 22" [_thread_blocked, id=33728, stack(0x000000cb21e00000,0x000000cb21f00000)]
  0x0000026ebebad7f0 JavaThread "Unconstrained build operations Thread 23" [_thread_blocked, id=33764, stack(0x000000cb21f00000,0x000000cb22000000)]
  0x0000026ebebae7e0 JavaThread "Unconstrained build operations Thread 24" [_thread_blocked, id=33744, stack(0x000000cb22000000,0x000000cb22100000)]
  0x0000026ebebabd60 JavaThread "Unconstrained build operations Thread 25" [_thread_blocked, id=31980, stack(0x000000cb22100000,0x000000cb22200000)]
  0x0000026ebebaad70 JavaThread "Unconstrained build operations Thread 26" [_thread_blocked, id=8088, stack(0x000000cb22200000,0x000000cb22300000)]
  0x0000026ebebadd40 JavaThread "jar transforms Thread 8" [_thread_blocked, id=34152, stack(0x000000cb22300000,0x000000cb22400000)]
  0x0000026ebebaf7d0 JavaThread "Memory manager" [_thread_blocked, id=29068, stack(0x000000cb22500000,0x000000cb22600000)]
  0x0000026ebebab810 JavaThread "Cache worker for Build Output Cleanup Cache (C:\react-native\Arriversary\android\.gradle\buildOutputCleanup)" [_thread_blocked, id=32292, stack(0x000000cb22400000,0x000000cb22500000)]
  0x0000026ec26075a0 JavaThread "included builds" [_thread_blocked, id=26092, stack(0x000000cb22600000,0x000000cb22700000)]
  0x0000026ec26045d0 JavaThread "Execution worker" [_thread_blocked, id=23104, stack(0x000000cb22700000,0x000000cb22800000)]
  0x0000026ec26055c0 JavaThread "Execution worker Thread 2" [_thread_blocked, id=19776, stack(0x000000cb22800000,0x000000cb22900000)]
  0x0000026ec2607050 JavaThread "Execution worker Thread 3" [_thread_blocked, id=8740, stack(0x000000cb22900000,0x000000cb22a00000)]
  0x0000026ec2605b10 JavaThread "Execution worker Thread 4" [_thread_blocked, id=32044, stack(0x000000cb22a00000,0x000000cb22b00000)]
  0x0000026ec2606060 JavaThread "Execution worker Thread 5" [_thread_blocked, id=15800, stack(0x000000cb22b00000,0x000000cb22c00000)]
  0x0000026ec2606b00 JavaThread "Execution worker Thread 6" [_thread_blocked, id=25220, stack(0x000000cb22c00000,0x000000cb22d00000)]
  0x0000026ec26065b0 JavaThread "Execution worker Thread 7" [_thread_blocked, id=29012, stack(0x000000cb22d00000,0x000000cb22e00000)]
  0x0000026ec2604080 JavaThread "Cache worker for execution history cache (C:\react-native\Arriversary\node_modules\@react-native\gradle-plugin\.gradle\8.0.1\executionHistory)" [_thread_blocked, id=33052, stack(0x000000cb22e00000,0x000000cb22f00000)]
  0x0000026ec2605070 JavaThread "Unconstrained build operations Thread 27" [_thread_blocked, id=9888, stack(0x000000cb22f00000,0x000000cb23000000)]
  0x0000026ec25b5fa0 JavaThread "Unconstrained build operations Thread 28" [_thread_blocked, id=34132, stack(0x000000cb23000000,0x000000cb23100000)]
  0x0000026ec25b4a60 JavaThread "Unconstrained build operations Thread 29" [_thread_blocked, id=24404, stack(0x000000cb23100000,0x000000cb23200000)]
  0x0000026ec25b5a50 JavaThread "Unconstrained build operations Thread 30" [_thread_blocked, id=34052, stack(0x000000cb23200000,0x000000cb23300000)]
  0x0000026ec25b4fb0 JavaThread "Unconstrained build operations Thread 31" [_thread_blocked, id=33452, stack(0x000000cb23300000,0x000000cb23400000)]
  0x0000026ec25b5500 JavaThread "Unconstrained build operations Thread 32" [_thread_blocked, id=32104, stack(0x000000cb23400000,0x000000cb23500000)]
  0x0000026ec25b64f0 JavaThread "Unconstrained build operations Thread 33" [_thread_blocked, id=16508, stack(0x000000cb23500000,0x000000cb23600000)]
  0x0000026ec25b2fd0 JavaThread "Unconstrained build operations Thread 34" [_thread_blocked, id=6396, stack(0x000000cb23600000,0x000000cb23700000)]
  0x0000026ec25b3520 JavaThread "Unconstrained build operations Thread 35" [_thread_blocked, id=32932, stack(0x000000cb23700000,0x000000cb23800000)]
  0x0000026ec25b3a70 JavaThread "Unconstrained build operations Thread 36" [_thread_blocked, id=12856, stack(0x000000cb23800000,0x000000cb23900000)]
  0x0000026ec25b3fc0 JavaThread "Unconstrained build operations Thread 37" [_thread_blocked, id=33028, stack(0x000000cb23900000,0x000000cb23a00000)]
  0x0000026ec25b4510 JavaThread "Unconstrained build operations Thread 38" [_thread_blocked, id=31896, stack(0x000000cb23a00000,0x000000cb23b00000)]
  0x0000026ec1c2b9c0 JavaThread "Unconstrained build operations Thread 39" [_thread_blocked, id=33416, stack(0x000000cb23b00000,0x000000cb23c00000)]
  0x0000026ec1c27a00 JavaThread "Unconstrained build operations Thread 40" [_thread_blocked, id=25676, stack(0x000000cb23c00000,0x000000cb23d00000)]
  0x0000026ec1c24a30 JavaThread "Unconstrained build operations Thread 41" [_thread_blocked, id=30820, stack(0x000000cb23d00000,0x000000cb23e00000)]
  0x0000026ec1c25f70 JavaThread "Unconstrained build operations Thread 42" [_thread_blocked, id=29576, stack(0x000000cb23e00000,0x000000cb23f00000)]
  0x0000026ec1c2af20 JavaThread "Unconstrained build operations Thread 43" [_thread_blocked, id=21052, stack(0x000000cb23f00000,0x000000cb24000000)]
  0x0000026ec1c254d0 JavaThread "Unconstrained build operations Thread 44" [_thread_blocked, id=30192, stack(0x000000cb24000000,0x000000cb24100000)]
  0x0000026ec1c2a9d0 JavaThread "Unconstrained build operations Thread 45" [_thread_blocked, id=30748, stack(0x000000cb24100000,0x000000cb24200000)]
  0x0000026ec1c264c0 JavaThread "Unconstrained build operations Thread 46" [_thread_blocked, id=24460, stack(0x000000cb24200000,0x000000cb24300000)]
  0x0000026ec1c289f0 JavaThread "Unconstrained build operations Thread 47" [_thread_blocked, id=30808, stack(0x000000cb24300000,0x000000cb24400000)]
  0x0000026ec1c26f60 JavaThread "Unconstrained build operations Thread 48" [_thread_blocked, id=30812, stack(0x000000cb24400000,0x000000cb24500000)]
  0x0000026ec1c25a20 JavaThread "Unconstrained build operations Thread 49" [_thread_blocked, id=30800, stack(0x000000cb24500000,0x000000cb24600000)]
  0x0000026ec1c29490 JavaThread "Unconstrained build operations Thread 50" [_thread_blocked, id=30804, stack(0x000000cb24600000,0x000000cb24700000)]
  0x0000026ec1c26a10 JavaThread "Unconstrained build operations Thread 51" [_thread_blocked, id=30796, stack(0x000000cb24700000,0x000000cb24800000)]
  0x0000026ec1c244e0 JavaThread "Unconstrained build operations Thread 52" [_thread_blocked, id=30956, stack(0x000000cb24800000,0x000000cb24900000)]
  0x0000026ec1c2bf10 JavaThread "Unconstrained build operations Thread 53" [_thread_blocked, id=30912, stack(0x000000cb24900000,0x000000cb24a00000)]
  0x0000026ec1c27f50 JavaThread "Unconstrained build operations Thread 54" [_thread_blocked, id=31008, stack(0x000000cb24a00000,0x000000cb24b00000)]
  0x0000026ec1c24f80 JavaThread "Unconstrained build operations Thread 55" [_thread_blocked, id=30856, stack(0x000000cb24b00000,0x000000cb24c00000)]
  0x0000026ec1c299e0 JavaThread "Unconstrained build operations Thread 56" [_thread_blocked, id=26124, stack(0x000000cb24c00000,0x000000cb24d00000)]
  0x0000026ec1c274b0 JavaThread "Unconstrained build operations Thread 57" [_thread_blocked, id=26144, stack(0x000000cb24d00000,0x000000cb24e00000)]
  0x0000026ec1c284a0 JavaThread "Unconstrained build operations Thread 58" [_thread_blocked, id=28380, stack(0x000000cb24e00000,0x000000cb24f00000)]
  0x0000026ec1c29f30 JavaThread "Unconstrained build operations Thread 59" [_thread_blocked, id=23660, stack(0x000000cb24f00000,0x000000cb25000000)]
  0x0000026ec1c2a480 JavaThread "Unconstrained build operations Thread 60" [_thread_blocked, id=31048, stack(0x000000cb25000000,0x000000cb25100000)]
  0x0000026ec1c2b470 JavaThread "Unconstrained build operations Thread 61" [_thread_blocked, id=29444, stack(0x000000cb25100000,0x000000cb25200000)]
  0x0000026ec0dd7c40 JavaThread "Unconstrained build operations Thread 62" [_thread_blocked, id=30848, stack(0x000000cb25200000,0x000000cb25300000)]
  0x0000026ec0dd9180 JavaThread "Unconstrained build operations Thread 63" [_thread_blocked, id=31052, stack(0x000000cb25300000,0x000000cb25400000)]
  0x0000026ec0ddb160 JavaThread "Unconstrained build operations Thread 64" [_thread_blocked, id=16420, stack(0x000000cb25400000,0x000000cb25500000)]
  0x0000026ec0dda6c0 JavaThread "Unconstrained build operations Thread 65" [_thread_blocked, id=26104, stack(0x000000cb25500000,0x000000cb25600000)]
  0x0000026ec0dd8190 JavaThread "Unconstrained build operations Thread 66" [_thread_blocked, id=26112, stack(0x000000cb25600000,0x000000cb25700000)]
  0x0000026ec0dd6700 JavaThread "Unconstrained build operations Thread 67" [_thread_blocked, id=26100, stack(0x000000cb25700000,0x000000cb25800000)]
  0x0000026ec0dd6c50 JavaThread "Unconstrained build operations Thread 68" [_thread_blocked, id=26128, stack(0x000000cb25800000,0x000000cb25900000)]
  0x0000026ec0ddac10 JavaThread "Unconstrained build operations Thread 69" [_thread_blocked, id=30976, stack(0x000000cb25900000,0x000000cb25a00000)]
  0x0000026ec0ddc6a0 JavaThread "Unconstrained build operations Thread 70" [_thread_blocked, id=4632, stack(0x000000cb25a00000,0x000000cb25b00000)]
  0x0000026ec0dd9c20 JavaThread "Unconstrained build operations Thread 71" [_thread_blocked, id=24556, stack(0x000000cb25b00000,0x000000cb25c00000)]
  0x0000026ec0ddd690 JavaThread "Unconstrained build operations Thread 72" [_thread_blocked, id=31016, stack(0x000000cb25c00000,0x000000cb25d00000)]
  0x0000026ec0dde130 JavaThread "Unconstrained build operations Thread 73" [_thread_blocked, id=30888, stack(0x000000cb25d00000,0x000000cb25e00000)]
  0x0000026ec0ddb6b0 JavaThread "Unconstrained build operations Thread 74" [_thread_blocked, id=30992, stack(0x000000cb25e00000,0x000000cb25f00000)]
  0x0000026ec0ddd140 JavaThread "Unconstrained build operations Thread 75" [_thread_blocked, id=30900, stack(0x000000cb25f00000,0x000000cb26000000)]
  0x0000026ec0ddbc00 JavaThread "Unconstrained build operations Thread 76" [_thread_blocked, id=30868, stack(0x000000cb26000000,0x000000cb26100000)]
  0x0000026ec0dddbe0 JavaThread "Unconstrained build operations Thread 77" [_thread_blocked, id=31000, stack(0x000000cb26100000,0x000000cb26200000)]
  0x0000026ec0dd86e0 JavaThread "Unconstrained build operations Thread 78" [_thread_blocked, id=28348, stack(0x000000cb26200000,0x000000cb26300000)]
  0x0000026ec0ddcbf0 JavaThread "Unconstrained build operations Thread 79" [_thread_blocked, id=30844, stack(0x000000cb26300000,0x000000cb26400000)]
  0x0000026ec0dd71a0 JavaThread "Unconstrained build operations Thread 80" [_thread_blocked, id=31028, stack(0x000000cb26400000,0x000000cb26500000)]

Other Threads:
=>0x0000026eb9ca0030 VMThread "VM Thread" [stack: 0x000000cb1d700000,0x000000cb1d800000] [id=28760]
  0x0000026ebe0c49d0 WatcherThread "VM Periodic Task Thread" [stack: 0x000000cb1e300000,0x000000cb1e400000] [id=28932]
  0x0000026e994b3340 WorkerThread "GC Thread#0" [stack: 0x000000cb1d200000,0x000000cb1d300000] [id=28708]
  0x0000026ebe9317c0 WorkerThread "GC Thread#1" [stack: 0x000000cb1e400000,0x000000cb1e500000] [id=29328]
  0x0000026ebead25a0 WorkerThread "GC Thread#2" [stack: 0x000000cb1e500000,0x000000cb1e600000] [id=29332]
  0x0000026ebe047ce0 WorkerThread "GC Thread#3" [stack: 0x000000cb1e600000,0x000000cb1e700000] [id=29336]
  0x0000026ebe3c12f0 WorkerThread "GC Thread#4" [stack: 0x000000cb1e700000,0x000000cb1e800000] [id=29340]
  0x0000026ebfb3fd30 WorkerThread "GC Thread#5" [stack: 0x000000cb1f600000,0x000000cb1f700000] [id=30220]
  0x0000026ebfb3fa60 WorkerThread "GC Thread#6" [stack: 0x000000cb1f700000,0x000000cb1f800000] [id=30224]
  0x0000026ebfb41ef0 WorkerThread "GC Thread#7" [stack: 0x000000cb1f800000,0x000000cb1f900000] [id=30228]
  0x0000026e994c44b0 ConcurrentGCThread "G1 Main Marker" [stack: 0x000000cb1d300000,0x000000cb1d400000] [id=28712]
  0x0000026e994c4df0 WorkerThread "G1 Conc#0" [stack: 0x000000cb1d400000,0x000000cb1d500000] [id=28716]
  0x0000026ebfb42a30 WorkerThread "G1 Conc#1" [stack: 0x000000cb1fb00000,0x000000cb1fc00000] [id=30292]
  0x0000026e9950e700 ConcurrentGCThread "G1 Refine#0" [stack: 0x000000cb1d500000,0x000000cb1d600000] [id=28720]
  0x0000026eb9b58360 ConcurrentGCThread "G1 Service" [stack: 0x000000cb1d600000,0x000000cb1d700000] [id=28724]

Threads with active compile tasks:

VM state: at safepoint (normal execution)

VM Mutex/Monitor currently owned by a thread:  ([mutex/lock_event])
[0x0000026e9944dc10] Threads_lock - owner thread: 0x0000026eb9ca0030
[0x0000026e9944e090] Heap_lock - owner thread: 0x0000026e994c44b0

Heap address: 0x0000000080000000, size: 2048 MB, Compressed Oops mode: 32-bit

CDS archive(s) mapped at: [0x0000000800000000-0x0000000800c40000-0x0000000800c40000), size 12845056, SharedBaseAddress: 0x0000000800000000, ArchiveRelocationMode: 0.
Compressed class space mapped at: 0x0000000801000000-0x000000081ac00000, reserved size: 432013312
Narrow klass base: 0x0000000800000000, Narrow klass shift: 0, Narrow klass range: 0x100000000

GC Precious Log:
 CardTable entry size: 512
 Card Set container configuration: InlinePtr #cards 5 size 8 Array Of Cards #cards 12 size 40 Howl #buckets 4 coarsen threshold 1843 Howl Bitmap #cards 512 size 80 coarsen threshold 460 Card regions per heap region 1 cards per card region 2048
 CPUs: 8 total, 8 available
 Memory: 7865M
 Large Page Support: Disabled
 NUMA Support: Disabled
 Compressed Oops: Enabled (32-bit)
 Heap Region Size: 1M
 Heap Min Capacity: 8M
 Heap Initial Capacity: 124M
 Heap Max Capacity: 2G
 Pre-touch: Disabled
 Parallel Workers: 8
 Concurrent Workers: 2
 Concurrent Refinement Workers: 8
 Periodic GC: Disabled

Heap:
 garbage-first heap   total 111616K, used 79784K [0x0000000080000000, 0x0000000100000000)
  region size 1024K, 7 young (7168K), 1 survivors (1024K)
 Metaspace       used 72773K, committed 74624K, reserved 487424K
  class space    used 9790K, committed 10752K, reserved 421888K

Heap Regions: E=young(eden), S=young(survivor), O=old, HS=humongous(starts), HC=humongous(continues), CS=collection set, F=free, OA=open archive, CA=closed archive, TAMS=top-at-mark-start (previous, next)
|   0|0x0000000080000000, 0x0000000080100000, 0x0000000080100000|100%|HS|  |TAMS 0x0000000080100000, 0x0000000080000000| Complete 
|   1|0x0000000080100000, 0x0000000080200000, 0x0000000080200000|100%|HC|  |TAMS 0x0000000080200000, 0x0000000080100000| Complete 
|   2|0x0000000080200000, 0x0000000080300000, 0x0000000080300000|100%|HC|  |TAMS 0x0000000080300000, 0x0000000080200000| Complete 
|   3|0x0000000080300000, 0x0000000080400000, 0x0000000080400000|100%|HC|  |TAMS 0x0000000080400000, 0x0000000080300000| Complete 
|   4|0x0000000080400000, 0x0000000080500000, 0x0000000080500000|100%| O|  |TAMS 0x0000000080500000, 0x0000000080400000| Untracked 
|   5|0x0000000080500000, 0x0000000080600000, 0x0000000080600000|100%| O|  |TAMS 0x0000000080600000, 0x0000000080500000| Untracked 
|   6|0x0000000080600000, 0x0000000080700000, 0x0000000080700000|100%| O|  |TAMS 0x0000000080700000, 0x0000000080600000| Untracked 
|   7|0x0000000080700000, 0x0000000080800000, 0x0000000080800000|100%| O|  |TAMS 0x0000000080800000, 0x0000000080700000| Updating 
|   8|0x0000000080800000, 0x0000000080900000, 0x0000000080900000|100%| O|  |TAMS 0x0000000080900000, 0x0000000080800000| Untracked 
|   9|0x0000000080900000, 0x0000000080a00000, 0x0000000080a00000|100%| O|  |TAMS 0x0000000080a00000, 0x0000000080900000| Untracked 
|  10|0x0000000080a00000, 0x0000000080b00000, 0x0000000080b00000|100%| O|  |TAMS 0x0000000080b00000, 0x0000000080a00000| Untracked 
|  11|0x0000000080b00000, 0x0000000080c00000, 0x0000000080c00000|100%| O|  |TAMS 0x0000000080c00000, 0x0000000080b00000| Untracked 
|  12|0x0000000080c00000, 0x0000000080d00000, 0x0000000080d00000|100%| O|  |TAMS 0x0000000080d00000, 0x0000000080c00000| Untracked 
|  13|0x0000000080d00000, 0x0000000080e00000, 0x0000000080e00000|100%| O|  |TAMS 0x0000000080e00000, 0x0000000080d00000| Untracked 
|  14|0x0000000080e00000, 0x0000000080f00000, 0x0000000080f00000|100%| O|  |TAMS 0x0000000080f00000, 0x0000000080e00000| Untracked 
|  15|0x0000000080f00000, 0x0000000081000000, 0x0000000081000000|100%| O|  |TAMS 0x0000000081000000, 0x0000000080f00000| Untracked 
|  16|0x0000000081000000, 0x0000000081100000, 0x0000000081100000|100%| O|  |TAMS 0x0000000081100000, 0x0000000081000000| Updating 
|  17|0x0000000081100000, 0x0000000081200000, 0x0000000081200000|100%| O|  |TAMS 0x0000000081200000, 0x0000000081100000| Untracked 
|  18|0x0000000081200000, 0x0000000081300000, 0x0000000081300000|100%| O|  |TAMS 0x0000000081300000, 0x0000000081200000| Untracked 
|  19|0x0000000081300000, 0x0000000081400000, 0x0000000081400000|100%| O|  |TAMS 0x0000000081400000, 0x0000000081300000| Untracked 
|  20|0x0000000081400000, 0x0000000081500000, 0x0000000081500000|100%| O|  |TAMS 0x0000000081500000, 0x0000000081400000| Untracked 
|  21|0x0000000081500000, 0x0000000081600000, 0x0000000081600000|100%| O|  |TAMS 0x0000000081600000, 0x0000000081500000| Untracked 
|  22|0x0000000081600000, 0x0000000081700000, 0x0000000081700000|100%| O|  |TAMS 0x0000000081700000, 0x0000000081600000| Untracked 
|  23|0x0000000081700000, 0x0000000081800000, 0x0000000081800000|100%| O|  |TAMS 0x0000000081800000, 0x0000000081700000| Untracked 
|  24|0x0000000081800000, 0x0000000081900000, 0x0000000081900000|100%| O|  |TAMS 0x0000000081900000, 0x0000000081800000| Untracked 
|  25|0x0000000081900000, 0x0000000081a00000, 0x0000000081a00000|100%| O|  |TAMS 0x0000000081a00000, 0x0000000081900000| Untracked 
|  26|0x0000000081a00000, 0x0000000081b00000, 0x0000000081b00000|100%| O|  |TAMS 0x0000000081b00000, 0x0000000081a00000| Untracked 
|  27|0x0000000081b00000, 0x0000000081c00000, 0x0000000081c00000|100%| O|  |TAMS 0x0000000081c00000, 0x0000000081b00000| Untracked 
|  28|0x0000000081c00000, 0x0000000081d00000, 0x0000000081d00000|100%| O|  |TAMS 0x0000000081d00000, 0x0000000081c00000| Untracked 
|  29|0x0000000081d00000, 0x0000000081e00000, 0x0000000081e00000|100%| O|  |TAMS 0x0000000081e00000, 0x0000000081d00000| Untracked 
|  30|0x0000000081e00000, 0x0000000081f00000, 0x0000000081f00000|100%| O|  |TAMS 0x0000000081f00000, 0x0000000081e00000| Untracked 
|  31|0x0000000081f00000, 0x0000000082000000, 0x0000000082000000|100%| O|  |TAMS 0x0000000082000000, 0x0000000081f00000| Untracked 
|  32|0x0000000082000000, 0x0000000082100000, 0x0000000082100000|100%| O|  |TAMS 0x0000000082100000, 0x0000000082000000| Untracked 
|  33|0x0000000082100000, 0x0000000082200000, 0x0000000082200000|100%|HS|  |TAMS 0x0000000082200000, 0x0000000082100000| Complete 
|  34|0x0000000082200000, 0x0000000082300000, 0x0000000082300000|100%|HC|  |TAMS 0x0000000082300000, 0x0000000082200000| Complete 
|  35|0x0000000082300000, 0x0000000082400000, 0x0000000082400000|100%|HS|  |TAMS 0x0000000082400000, 0x0000000082300000| Complete 
|  36|0x0000000082400000, 0x0000000082500000, 0x0000000082500000|100%|HC|  |TAMS 0x0000000082500000, 0x0000000082400000| Complete 
|  37|0x0000000082500000, 0x0000000082600000, 0x0000000082600000|100%|HC|  |TAMS 0x0000000082600000, 0x0000000082500000| Complete 
|  38|0x0000000082600000, 0x0000000082700000, 0x0000000082700000|100%|HC|  |TAMS 0x0000000082700000, 0x0000000082600000| Complete 
|  39|0x0000000082700000, 0x0000000082800000, 0x0000000082800000|100%| O|  |TAMS 0x0000000082800000, 0x0000000082700000| Untracked 
|  40|0x0000000082800000, 0x0000000082900000, 0x0000000082900000|100%| O|  |TAMS 0x0000000082900000, 0x0000000082800000| Updating 
|  41|0x0000000082900000, 0x0000000082a00000, 0x0000000082a00000|100%| O|  |TAMS 0x0000000082a00000, 0x0000000082900000| Untracked 
|  42|0x0000000082a00000, 0x0000000082b00000, 0x0000000082b00000|100%| O|  |TAMS 0x0000000082b00000, 0x0000000082a00000| Untracked 
|  43|0x0000000082b00000, 0x0000000082c00000, 0x0000000082c00000|100%| O|  |TAMS 0x0000000082c00000, 0x0000000082b00000| Untracked 
|  44|0x0000000082c00000, 0x0000000082d00000, 0x0000000082d00000|100%| O|  |TAMS 0x0000000082d00000, 0x0000000082c00000| Untracked 
|  45|0x0000000082d00000, 0x0000000082e00000, 0x0000000082e00000|100%| O|  |TAMS 0x0000000082e00000, 0x0000000082d00000| Untracked 
|  46|0x0000000082e00000, 0x0000000082f00000, 0x0000000082f00000|100%| O|  |TAMS 0x0000000082f00000, 0x0000000082e00000| Untracked 
|  47|0x0000000082f00000, 0x0000000083000000, 0x0000000083000000|100%| O|  |TAMS 0x0000000083000000, 0x0000000082f00000| Untracked 
|  48|0x0000000083000000, 0x0000000083100000, 0x0000000083100000|100%| O|  |TAMS 0x0000000083100000, 0x0000000083000000| Untracked 
|  49|0x0000000083100000, 0x0000000083200000, 0x0000000083200000|100%| O|  |TAMS 0x0000000083200000, 0x0000000083100000| Untracked 
|  50|0x0000000083200000, 0x0000000083300000, 0x0000000083300000|100%| O|  |TAMS 0x0000000083300000, 0x0000000083200000| Untracked 
|  51|0x0000000083300000, 0x0000000083400000, 0x0000000083400000|100%| O|  |TAMS 0x0000000083400000, 0x0000000083300000| Updating 
|  52|0x0000000083400000, 0x0000000083500000, 0x0000000083500000|100%| O|  |TAMS 0x0000000083400000, 0x0000000083400000| Untracked 
|  53|0x0000000083500000, 0x0000000083600000, 0x0000000083600000|100%| O|  |TAMS 0x0000000083600000, 0x0000000083500000| Updating 
|  54|0x0000000083600000, 0x0000000083700000, 0x0000000083700000|100%| O|  |TAMS 0x0000000083700000, 0x0000000083600000| Updating 
|  55|0x0000000083700000, 0x0000000083800000, 0x0000000083800000|100%| O|  |TAMS 0x0000000083800000, 0x0000000083700000| Updating 
|  56|0x0000000083800000, 0x0000000083900000, 0x0000000083900000|100%| O|  |TAMS 0x0000000083900000, 0x0000000083800000| Updating 
|  57|0x0000000083900000, 0x0000000083a00000, 0x0000000083a00000|100%| O|  |TAMS 0x0000000083a00000, 0x0000000083900000| Untracked 
|  58|0x0000000083a00000, 0x0000000083b00000, 0x0000000083b00000|100%| O|  |TAMS 0x0000000083b00000, 0x0000000083a00000| Untracked 
|  59|0x0000000083b00000, 0x0000000083c00000, 0x0000000083c00000|100%| O|  |TAMS 0x0000000083b00000, 0x0000000083b00000| Untracked 
|  60|0x0000000083c00000, 0x0000000083d00000, 0x0000000083d00000|100%| O|  |TAMS 0x0000000083d00000, 0x0000000083c00000| Untracked 
|  61|0x0000000083d00000, 0x0000000083e00000, 0x0000000083e00000|100%|HS|  |TAMS 0x0000000083e00000, 0x0000000083d00000| Complete 
|  62|0x0000000083e00000, 0x0000000083f00000, 0x0000000083f00000|100%|HS|  |TAMS 0x0000000083f00000, 0x0000000083e00000| Complete 
|  63|0x0000000083f00000, 0x0000000084000000, 0x0000000084000000|100%| O|  |TAMS 0x0000000084000000, 0x0000000083f00000| Untracked 
|  64|0x0000000084000000, 0x0000000084100000, 0x0000000084100000|100%| O|  |TAMS 0x0000000084100000, 0x0000000084000000| Updating 
|  65|0x0000000084100000, 0x0000000084200000, 0x0000000084200000|100%| O|  |TAMS 0x0000000084200000, 0x0000000084100000| Untracked 
|  66|0x0000000084200000, 0x0000000084300000, 0x0000000084300000|100%| O|  |TAMS 0x0000000084300000, 0x0000000084200000| Untracked 
|  67|0x0000000084300000, 0x0000000084400000, 0x0000000084400000|100%| O|  |TAMS 0x0000000084356c00, 0x0000000084300000| Untracked 
|  68|0x0000000084400000, 0x0000000084460600, 0x0000000084500000| 37%| O|  |TAMS 0x0000000084400000, 0x0000000084400000| Updating 
|  69|0x0000000084500000, 0x0000000084600000, 0x0000000084600000|100%|HS|  |TAMS 0x0000000084500000, 0x0000000084500000| Complete 
|  70|0x0000000084600000, 0x0000000084700000, 0x0000000084700000|100%|HS|  |TAMS 0x0000000084600000, 0x0000000084600000| Complete 
|  71|0x0000000084700000, 0x0000000084800000, 0x0000000084800000|100%|HS|  |TAMS 0x0000000084700000, 0x0000000084700000| Complete 
|  72|0x0000000084800000, 0x0000000084900000, 0x0000000084900000|100%|HS|  |TAMS 0x0000000084800000, 0x0000000084800000| Complete 
|  73|0x0000000084900000, 0x0000000084900000, 0x0000000084a00000|  0%| F|  |TAMS 0x0000000084900000, 0x0000000084900000| Untracked 
|  74|0x0000000084a00000, 0x0000000084a00000, 0x0000000084b00000|  0%| F|  |TAMS 0x0000000084a00000, 0x0000000084a00000| Untracked 
|  75|0x0000000084b00000, 0x0000000084b00000, 0x0000000084c00000|  0%| F|  |TAMS 0x0000000084b00000, 0x0000000084b00000| Untracked 
|  76|0x0000000084c00000, 0x0000000084c00000, 0x0000000084d00000|  0%| F|  |TAMS 0x0000000084c00000, 0x0000000084c00000| Untracked 
|  77|0x0000000084d00000, 0x0000000084d00000, 0x0000000084e00000|  0%| F|  |TAMS 0x0000000084d00000, 0x0000000084d00000| Untracked 
|  78|0x0000000084e00000, 0x0000000084e00000, 0x0000000084f00000|  0%| F|  |TAMS 0x0000000084e00000, 0x0000000084e00000| Untracked 
|  79|0x0000000084f00000, 0x0000000084f00000, 0x0000000085000000|  0%| F|  |TAMS 0x0000000084f00000, 0x0000000084f00000| Untracked 
|  80|0x0000000085000000, 0x0000000085000000, 0x0000000085100000|  0%| F|  |TAMS 0x0000000085000000, 0x0000000085000000| Untracked 
|  81|0x0000000085100000, 0x0000000085100000, 0x0000000085200000|  0%| F|  |TAMS 0x0000000085100000, 0x0000000085100000| Untracked 
|  82|0x0000000085200000, 0x0000000085200000, 0x0000000085300000|  0%| F|  |TAMS 0x0000000085200000, 0x0000000085200000| Untracked 
|  83|0x0000000085300000, 0x0000000085300000, 0x0000000085400000|  0%| F|  |TAMS 0x0000000085300000, 0x0000000085300000| Untracked 
|  84|0x0000000085400000, 0x0000000085400000, 0x0000000085500000|  0%| F|  |TAMS 0x0000000085400000, 0x0000000085400000| Untracked 
|  85|0x0000000085500000, 0x0000000085500000, 0x0000000085600000|  0%| F|  |TAMS 0x0000000085500000, 0x0000000085500000| Untracked 
|  86|0x0000000085600000, 0x0000000085600000, 0x0000000085700000|  0%| F|  |TAMS 0x0000000085600000, 0x0000000085600000| Untracked 
|  87|0x0000000085700000, 0x0000000085700000, 0x0000000085800000|  0%| F|  |TAMS 0x0000000085700000, 0x0000000085700000| Untracked 
|  88|0x0000000085800000, 0x0000000085800000, 0x0000000085900000|  0%| F|  |TAMS 0x0000000085800000, 0x0000000085800000| Untracked 
|  89|0x0000000085900000, 0x0000000085900000, 0x0000000085a00000|  0%| F|  |TAMS 0x0000000085900000, 0x0000000085900000| Untracked 
|  90|0x0000000085a00000, 0x0000000085a00000, 0x0000000085b00000|  0%| F|  |TAMS 0x0000000085a00000, 0x0000000085a00000| Untracked 
|  91|0x0000000085b00000, 0x0000000085b00000, 0x0000000085c00000|  0%| F|  |TAMS 0x0000000085b00000, 0x0000000085b00000| Untracked 
|  92|0x0000000085c00000, 0x0000000085c00000, 0x0000000085d00000|  0%| F|  |TAMS 0x0000000085c00000, 0x0000000085c00000| Untracked 
|  93|0x0000000085d00000, 0x0000000085d00000, 0x0000000085e00000|  0%| F|  |TAMS 0x0000000085d00000, 0x0000000085d00000| Untracked 
|  94|0x0000000085e00000, 0x0000000085e00000, 0x0000000085f00000|  0%| F|  |TAMS 0x0000000085e00000, 0x0000000085e00000| Untracked 
|  95|0x0000000085f00000, 0x0000000085f00000, 0x0000000086000000|  0%| F|  |TAMS 0x0000000085f00000, 0x0000000085f00000| Untracked 
|  96|0x0000000086000000, 0x0000000086000000, 0x0000000086100000|  0%| F|  |TAMS 0x0000000086000000, 0x0000000086000000| Untracked 
|  97|0x0000000086100000, 0x0000000086100000, 0x0000000086200000|  0%| F|  |TAMS 0x0000000086100000, 0x0000000086100000| Untracked 
|  98|0x0000000086200000, 0x0000000086200000, 0x0000000086300000|  0%| F|  |TAMS 0x0000000086200000, 0x0000000086200000| Untracked 
|  99|0x0000000086300000, 0x0000000086300000, 0x0000000086400000|  0%| F|  |TAMS 0x0000000086300000, 0x0000000086300000| Untracked 
| 100|0x0000000086400000, 0x0000000086400000, 0x0000000086500000|  0%| F|  |TAMS 0x0000000086400000, 0x0000000086400000| Untracked 
| 101|0x0000000086500000, 0x0000000086500000, 0x0000000086600000|  0%| F|  |TAMS 0x0000000086500000, 0x0000000086500000| Untracked 
| 102|0x0000000086600000, 0x00000000866b6f48, 0x0000000086700000| 71%| E|  |TAMS 0x0000000086600000, 0x0000000086600000| Complete 
| 103|0x0000000086700000, 0x0000000086800000, 0x0000000086800000|100%| E|CS|TAMS 0x0000000086700000, 0x0000000086700000| Complete 
| 104|0x0000000086800000, 0x0000000086900000, 0x0000000086900000|100%| E|CS|TAMS 0x0000000086800000, 0x0000000086800000| Complete 
| 120|0x0000000087800000, 0x0000000087900000, 0x0000000087900000|100%| E|CS|TAMS 0x0000000087800000, 0x0000000087800000| Complete 
| 121|0x0000000087900000, 0x0000000087a00000, 0x0000000087a00000|100%| E|CS|TAMS 0x0000000087900000, 0x0000000087900000| Complete 
| 122|0x0000000087a00000, 0x0000000087a89ad0, 0x0000000087b00000| 53%| S|CS|TAMS 0x0000000087a00000, 0x0000000087a00000| Complete 
| 123|0x0000000087b00000, 0x0000000087c00000, 0x0000000087c00000|100%| E|CS|TAMS 0x0000000087b00000, 0x0000000087b00000| Complete 

Card table byte_map: [0x0000026eb29f0000,0x0000026eb2df0000] _byte_map_base: 0x0000026eb25f0000

Marking Bits (Prev, Next): (CMBitMap*) 0x0000026e994b38c0, (CMBitMap*) 0x0000026e994b3880
 Prev Bits: [0x0000026eb51f0000, 0x0000026eb71f0000)
 Next Bits: [0x0000026eb31f0000, 0x0000026eb51f0000)

Polling page: 0x0000026e99510000

Metaspace:

Usage:
  Non-class:     61.51 MB used.
      Class:      9.56 MB used.
       Both:     71.07 MB used.

Virtual space:
  Non-class space:       64.00 MB reserved,      62.38 MB ( 97%) committed,  1 nodes.
      Class space:      412.00 MB reserved,      10.50 MB (  3%) committed,  1 nodes.
             Both:      476.00 MB reserved,      72.88 MB ( 15%) committed. 

Chunk freelists:
   Non-Class:  1.00 MB
       Class:  1.50 MB
        Both:  2.50 MB

MaxMetaspaceSize: 512.00 MB
CompressedClassSpaceSize: 412.00 MB
Initial GC threshold: 21.00 MB
Current GC threshold: 112.00 MB
CDS: on
MetaspaceReclaimPolicy: balanced
 - commit_granule_bytes: 65536.
 - commit_granule_words: 8192.
 - virtual_space_node_default_size: 8388608.
 - enlarge_chunks_in_place: 1.
 - new_chunks_are_fully_committed: 0.
 - uncommit_free_chunks: 1.
 - use_allocation_guard: 0.


Internal statistics:

num_allocs_failed_limit: 9.
num_arena_births: 3412.
num_arena_deaths: 0.
num_vsnodes_births: 2.
num_vsnodes_deaths: 0.
num_space_committed: 1166.
num_space_uncommitted: 0.
num_chunks_returned_to_freelist: 9.
num_chunks_taken_from_freelist: 6827.
num_chunk_merges: 9.
num_chunk_splits: 4410.
num_chunks_enlarged: 2664.
num_inconsistent_stats: 0.

CodeHeap 'non-profiled nmethods': size=120000Kb used=4600Kb max_used=4872Kb free=115399Kb
 bounds [0x0000026eaa660000, 0x0000026eaab30000, 0x0000026eb1b90000]
CodeHeap 'profiled nmethods': size=120000Kb used=15462Kb max_used=17370Kb free=104537Kb
 bounds [0x0000026ea2b90000, 0x0000026ea3c90000, 0x0000026eaa0c0000]
CodeHeap 'non-nmethods': size=5760Kb used=2491Kb max_used=2528Kb free=3268Kb
 bounds [0x0000026eaa0c0000, 0x0000026eaa340000, 0x0000026eaa660000]
 total_blobs=9437 nmethods=8513 adapters=833
 compilation: enabled
              stopped_count=0, restarted_count=0
 full_count=0

Compilation events (20 events):
Event: 362.938 Thread 0x0000026eb9cca550 10052 %     4       java.math.BigInteger::implMultiplyToLen @ 135 (216 bytes)
Event: 362.951 Thread 0x0000026eb9cca550 nmethod 10052% 0x0000026eaaa35c90 code [0x0000026eaaa35e20, 0x0000026eaaa36378]
Event: 362.951 Thread 0x0000026eb9cca550 10058 %     4       java.math.BigInteger::shiftLeftImplWorker @ 9 (43 bytes)
Event: 362.962 Thread 0x0000026eb9cca550 nmethod 10058% 0x0000026eaaad5b10 code [0x0000026eaaad5ca0, 0x0000026eaaad6158]
Event: 362.962 Thread 0x0000026eb9cca550 10059 %     4       java.math.BigInteger::implSquareToLen @ 9 (154 bytes)
Event: 362.984 Thread 0x0000026eb9ccced0 10071   !   3       jdk.internal.loader.URLClassPath::getLoader (29 bytes)
Event: 362.985 Thread 0x0000026eb9ccced0 nmethod 10071 0x0000026ea2d65710 code [0x0000026ea2d65900, 0x0000026ea2d66128]
Event: 362.989 Thread 0x0000026eb9cca550 nmethod 10059% 0x0000026eaa6c9510 code [0x0000026eaa6c96c0, 0x0000026eaa6ca428]
Event: 362.989 Thread 0x0000026eb9cca550 10060       4       java.math.BigInteger::montReduce (99 bytes)
Event: 363.006 Thread 0x0000026eb9cca550 nmethod 10060 0x0000026eaa977910 code [0x0000026eaa977ae0, 0x0000026eaa978418]
Event: 363.006 Thread 0x0000026eb9cca550 10039       4       java.io.ByteArrayOutputStream::<init> (7 bytes)
Event: 363.007 Thread 0x0000026eb9cca550 nmethod 10039 0x0000026eaa904790 code [0x0000026eaa904920, 0x0000026eaa904ad8]
Event: 363.037 Thread 0x0000026eb9cca550 10072       4       java.lang.StrictMath::ceil (10 bytes)
Event: 363.038 Thread 0x0000026eb9cca550 nmethod 10072 0x0000026eaa8eb210 code [0x0000026eaa8eb3c0, 0x0000026eaa8eb4d8]
Event: 363.043 Thread 0x0000026eb9cca550 10073       4       java.util.jar.Manifest::parseName (84 bytes)
Event: 363.046 Thread 0x0000026eb9cca550 nmethod 10073 0x0000026eaa8edc10 code [0x0000026eaa8eddc0, 0x0000026eaa8ee048]
Event: 363.066 Thread 0x0000026eb9cca550 10074       4       sun.security.util.ManifestDigester::findSection (181 bytes)
Event: 363.072 Thread 0x0000026eb9cca550 nmethod 10074 0x0000026eaa836990 code [0x0000026eaa836b20, 0x0000026eaa837078]
Event: 363.106 Thread 0x0000026eb9cca550 10075  s    4       java.io.ByteArrayOutputStream::toString (18 bytes)
Event: 363.108 Thread 0x0000026eb9cca550 nmethod 10075 0x0000026eaa9a5090 code [0x0000026eaa9a5220, 0x0000026eaa9a5528]

GC Heap History (20 events):
Event: 348.240 GC heap before
{Heap before GC invocations=24 (full 0):
 garbage-first heap   total 94208K, used 76407K [0x0000000080000000, 0x0000000100000000)
  region size 1024K, 25 young (25600K), 3 survivors (3072K)
 Metaspace       used 62484K, committed 64320K, reserved 487424K
  class space    used 8560K, committed 9536K, reserved 421888K
}
Event: 348.244 GC heap after
{Heap after GC invocations=25 (full 0):
 garbage-first heap   total 94208K, used 55128K [0x0000000080000000, 0x0000000100000000)
  region size 1024K, 2 young (2048K), 2 survivors (2048K)
 Metaspace       used 62484K, committed 64320K, reserved 487424K
  class space    used 8560K, committed 9536K, reserved 421888K
}
Event: 349.558 GC heap before
{Heap before GC invocations=25 (full 0):
 garbage-first heap   total 94208K, used 75608K [0x0000000080000000, 0x0000000100000000)
  region size 1024K, 23 young (23552K), 2 survivors (2048K)
 Metaspace       used 64136K, committed 65984K, reserved 487424K
  class space    used 8815K, committed 9792K, reserved 421888K
}
Event: 349.562 GC heap after
{Heap after GC invocations=26 (full 0):
 garbage-first heap   total 94208K, used 57669K [0x0000000080000000, 0x0000000100000000)
  region size 1024K, 3 young (3072K), 3 survivors (3072K)
 Metaspace       used 64136K, committed 65984K, reserved 487424K
  class space    used 8815K, committed 9792K, reserved 421888K
}
Event: 351.269 GC heap before
{Heap before GC invocations=27 (full 0):
 garbage-first heap   total 99328K, used 76101K [0x0000000080000000, 0x0000000100000000)
  region size 1024K, 22 young (22528K), 3 survivors (3072K)
 Metaspace       used 65827K, committed 67712K, reserved 487424K
  class space    used 9017K, committed 9984K, reserved 421888K
}
Event: 351.274 GC heap after
{Heap after GC invocations=28 (full 0):
 garbage-first heap   total 99328K, used 60205K [0x0000000080000000, 0x0000000100000000)
  region size 1024K, 3 young (3072K), 3 survivors (3072K)
 Metaspace       used 65827K, committed 67712K, reserved 487424K
  class space    used 9017K, committed 9984K, reserved 421888K
}
Event: 351.300 GC heap before
{Heap before GC invocations=28 (full 0):
 garbage-first heap   total 99328K, used 61229K [0x0000000080000000, 0x0000000100000000)
  region size 1024K, 4 young (4096K), 3 survivors (3072K)
 Metaspace       used 65958K, committed 67840K, reserved 487424K
  class space    used 9034K, committed 9984K, reserved 421888K
}
Event: 351.304 GC heap after
{Heap after GC invocations=29 (full 0):
 garbage-first heap   total 99328K, used 60163K [0x0000000080000000, 0x0000000100000000)
  region size 1024K, 1 young (1024K), 1 survivors (1024K)
 Metaspace       used 65958K, committed 67840K, reserved 487424K
  class space    used 9034K, committed 9984K, reserved 421888K
}
Event: 355.111 GC heap before
{Heap before GC invocations=29 (full 0):
 garbage-first heap   total 99328K, used 80643K [0x0000000080000000, 0x0000000100000000)
  region size 1024K, 22 young (22528K), 1 survivors (1024K)
 Metaspace       used 66810K, committed 68672K, reserved 487424K
  class space    used 9142K, committed 10112K, reserved 421888K
}
Event: 355.115 GC heap after
{Heap after GC invocations=30 (full 0):
 garbage-first heap   total 99328K, used 63687K [0x0000000080000000, 0x0000000100000000)
  region size 1024K, 3 young (3072K), 3 survivors (3072K)
 Metaspace       used 66810K, committed 68672K, reserved 487424K
  class space    used 9142K, committed 10112K, reserved 421888K
}
Event: 359.090 GC heap before
{Heap before GC invocations=30 (full 0):
 garbage-first heap   total 99328K, used 71879K [0x0000000080000000, 0x0000000100000000)
  region size 1024K, 12 young (12288K), 3 survivors (3072K)
 Metaspace       used 66882K, committed 68800K, reserved 487424K
  class space    used 9149K, committed 10112K, reserved 421888K
}
Event: 359.119 GC heap after
{Heap after GC invocations=31 (full 0):
 garbage-first heap   total 99328K, used 63269K [0x0000000080000000, 0x0000000100000000)
  region size 1024K, 2 young (2048K), 2 survivors (2048K)
 Metaspace       used 66882K, committed 68800K, reserved 487424K
  class space    used 9149K, committed 10112K, reserved 421888K
}
Event: 361.113 GC heap before
{Heap before GC invocations=32 (full 0):
 garbage-first heap   total 111616K, used 82725K [0x0000000080000000, 0x0000000100000000)
  region size 1024K, 20 young (20480K), 2 survivors (2048K)
 Metaspace       used 68990K, committed 70848K, reserved 487424K
  class space    used 9405K, committed 10368K, reserved 421888K
}
Event: 361.115 GC heap after
{Heap after GC invocations=33 (full 0):
 garbage-first heap   total 111616K, used 68040K [0x0000000080000000, 0x0000000100000000)
  region size 1024K, 3 young (3072K), 3 survivors (3072K)
 Metaspace       used 68990K, committed 70848K, reserved 487424K
  class space    used 9405K, committed 10368K, reserved 421888K
}
Event: 361.291 GC heap before
{Heap before GC invocations=33 (full 0):
 garbage-first heap   total 111616K, used 70088K [0x0000000080000000, 0x0000000100000000)
  region size 1024K, 5 young (5120K), 3 survivors (3072K)
 Metaspace       used 69213K, committed 71040K, reserved 487424K
  class space    used 9424K, committed 10368K, reserved 421888K
}
Event: 361.294 GC heap after
{Heap after GC invocations=34 (full 0):
 garbage-first heap   total 111616K, used 67247K [0x0000000080000000, 0x0000000100000000)
  region size 1024K, 1 young (1024K), 1 survivors (1024K)
 Metaspace       used 69213K, committed 71040K, reserved 487424K
  class space    used 9424K, committed 10368K, reserved 421888K
}
Event: 363.026 GC heap before
{Heap before GC invocations=34 (full 0):
 garbage-first heap   total 111616K, used 88751K [0x0000000080000000, 0x0000000100000000)
  region size 1024K, 22 young (22528K), 1 survivors (1024K)
 Metaspace       used 72773K, committed 74624K, reserved 487424K
  class space    used 9790K, committed 10752K, reserved 421888K
}
Event: 363.028 GC heap after
{Heap after GC invocations=35 (full 0):
 garbage-first heap   total 111616K, used 69616K [0x0000000080000000, 0x0000000100000000)
  region size 1024K, 3 young (3072K), 3 survivors (3072K)
 Metaspace       used 72773K, committed 74624K, reserved 487424K
  class space    used 9790K, committed 10752K, reserved 421888K
}
Event: 363.032 GC heap before
{Heap before GC invocations=35 (full 0):
 garbage-first heap   total 111616K, used 69616K [0x0000000080000000, 0x0000000100000000)
  region size 1024K, 4 young (4096K), 3 survivors (3072K)
 Metaspace       used 72773K, committed 74624K, reserved 487424K
  class space    used 9790K, committed 10752K, reserved 421888K
}
Event: 363.035 GC heap after
{Heap after GC invocations=36 (full 0):
 garbage-first heap   total 111616K, used 70568K [0x0000000080000000, 0x0000000100000000)
  region size 1024K, 1 young (1024K), 1 survivors (1024K)
 Metaspace       used 72773K, committed 74624K, reserved 487424K
  class space    used 9790K, committed 10752K, reserved 421888K
}

Dll operation events (13 events):
Event: 0.106 Loaded shared library C:\Program Files\Java\jdk-19\bin\java.dll
Event: 0.162 Loaded shared library C:\Program Files\Java\jdk-19\bin\jsvml.dll
Event: 0.651 Loaded shared library C:\Program Files\Java\jdk-19\bin\net.dll
Event: 0.685 Loaded shared library C:\Program Files\Java\jdk-19\bin\nio.dll
Event: 0.712 Loaded shared library C:\Program Files\Java\jdk-19\bin\zip.dll
Event: 2.888 Loaded shared library C:\Program Files\Java\jdk-19\bin\jimage.dll
Event: 3.637 Loaded shared library C:\Program Files\Java\jdk-19\bin\verify.dll
Event: 5.557 Loaded shared library C:\Users\ghshg\.gradle\native\68d5fa5c4cc2d200863cafc0d521ce42e7d3e7ee720ec0a83991735586a16f82\windows-amd64\native-platform.dll
Event: 5.608 Loaded shared library C:\Users\ghshg\.gradle\native\e376f236ea51e6404a007f0833ffe2c6e607c4080706a723a18a27aeea778392\windows-amd64\native-platform-file-events.dll
Event: 12.389 Loaded shared library C:\Program Files\Java\jdk-19\bin\management.dll
Event: 12.397 Loaded shared library C:\Program Files\Java\jdk-19\bin\management_ext.dll
Event: 13.196 Loaded shared library C:\Program Files\Java\jdk-19\bin\extnet.dll
Event: 20.120 Loaded shared library C:\Program Files\Java\jdk-19\bin\sunmscapi.dll

Deoptimization events (20 events):
Event: 362.881 Thread 0x0000026ebeba86f0 Uncommon trap: trap_request=0xffffff45 fr.pc=0x0000026eaa75aa1c relative=0x000000000000007c
Event: 362.881 Thread 0x0000026ebeba86f0 Uncommon trap: reason=unstable_if action=reinterpret pc=0x0000026eaa75aa1c method=java.util.jar.JarFile.maybeInstantiateVerifier()V @ 4 c2
Event: 362.881 Thread 0x0000026ebeba86f0 DEOPT PACKING pc=0x0000026eaa75aa1c sp=0x000000cb1eef1690
Event: 362.881 Thread 0x0000026ebeba86f0 DEOPT UNPACKING pc=0x0000026eaa12a5a3 sp=0x000000cb1eef1620 mode 2
Event: 362.881 Thread 0x0000026ebeba86f0 Uncommon trap: trap_request=0xffffff45 fr.pc=0x0000026eaa7434dc relative=0x000000000000021c
Event: 362.881 Thread 0x0000026ebeba86f0 Uncommon trap: reason=unstable_if action=reinterpret pc=0x0000026eaa7434dc method=java.util.jar.JarFile.maybeInstantiateVerifier()V @ 4 c2
Event: 362.881 Thread 0x0000026ebeba86f0 DEOPT PACKING pc=0x0000026eaa7434dc sp=0x000000cb1eef1760
Event: 362.882 Thread 0x0000026ebeba86f0 DEOPT UNPACKING pc=0x0000026eaa12a5a3 sp=0x000000cb1eef16a0 mode 2
Event: 362.882 Thread 0x0000026ebeba86f0 Uncommon trap: trap_request=0xffffff45 fr.pc=0x0000026eaa9a7fc4 relative=0x0000000000000104
Event: 362.882 Thread 0x0000026ebeba86f0 Uncommon trap: reason=unstable_if action=reinterpret pc=0x0000026eaa9a7fc4 method=java.security.CodeSource.matchCerts(Ljava/security/CodeSource;Z)Z @ 11 c2
Event: 362.882 Thread 0x0000026ebeba86f0 DEOPT PACKING pc=0x0000026eaa9a7fc4 sp=0x000000cb1eef1650
Event: 362.882 Thread 0x0000026ebeba86f0 DEOPT UNPACKING pc=0x0000026eaa12a5a3 sp=0x000000cb1eef1560 mode 2
Event: 362.882 Thread 0x0000026ebeba86f0 Uncommon trap: trap_request=0xffffff45 fr.pc=0x0000026eaa92698c relative=0x0000000000000e2c
Event: 362.882 Thread 0x0000026ebeba86f0 Uncommon trap: reason=unstable_if action=reinterpret pc=0x0000026eaa92698c method=java.security.CodeSource.getCertificates()[Ljava/security/cert/Certificate; @ 4 c2
Event: 362.882 Thread 0x0000026ebeba86f0 DEOPT PACKING pc=0x0000026eaa92698c sp=0x000000cb1eef1680
Event: 362.882 Thread 0x0000026ebeba86f0 DEOPT UNPACKING pc=0x0000026eaa12a5a3 sp=0x000000cb1eef1600 mode 2
Event: 363.066 Thread 0x0000026ebeba86f0 DEOPT PACKING pc=0x0000026ea346e380 sp=0x000000cb1eef2c30
Event: 363.066 Thread 0x0000026ebeba86f0 DEOPT UNPACKING pc=0x0000026eaa12b0e3 sp=0x000000cb1eef20a0 mode 0
Event: 363.109 Thread 0x0000026ebeba86f0 Uncommon trap: trap_request=0xffffff45 fr.pc=0x0000026eaa9fad4c relative=0x000000000000028c
Event: 363.110 Thread 0x0000026ebeba86f0 Uncommon trap: reason=unstable_if action=reinterpret pc=0x0000026eaa9fad4c method=java.util.LinkedHashMap.get(Ljava/lang/Object;)Ljava/lang/Object; @ 16 c2

Classes loaded (20 events):
Event: 362.775 Loading class java/security/cert/CertPathValidatorException$BasicReason
Event: 362.775 Loading class java/security/cert/CertPathValidatorException$Reason
Event: 362.775 Loading class java/security/cert/CertPathValidatorException$Reason done
Event: 362.775 Loading class java/security/cert/CertPathValidatorException$BasicReason done
Event: 362.775 Loading class java/security/SignatureException
Event: 362.775 Loading class java/security/SignatureException done
Event: 362.786 Loading class sun/security/rsa/RSASignature$SHA256withRSA
Event: 362.787 Loading class sun/security/rsa/RSASignature$SHA256withRSA done
Event: 362.788 Loading class sun/security/provider/DSA$SHA256withDSA
Event: 362.789 Loading class sun/security/provider/DSA$SHA256withDSA done
Event: 362.829 Loading class java/util/Base64
Event: 362.855 Loading class java/util/Base64 done
Event: 362.856 Loading class java/util/Base64$Decoder
Event: 362.863 Loading class java/util/Base64$Decoder done
Event: 362.863 Loading class java/util/Base64$Encoder
Event: 362.869 Loading class java/util/Base64$Encoder done
Event: 362.872 Loading class java/util/jar/JarVerifier$VerifierStream
Event: 362.877 Loading class java/util/jar/JarVerifier$VerifierStream done
Event: 362.877 Loading class sun/security/util/ManifestEntryVerifier$SunProviderHolder
Event: 362.877 Loading class sun/security/util/ManifestEntryVerifier$SunProviderHolder done

Classes unloaded (0 events):
No events

Classes redefined (0 events):
No events

Internal exceptions (20 events):
Event: 337.970 Thread 0x0000026ebeba86f0 Exception <a 'java/lang/ClassNotFoundException'{0x00000000852a5a38}: org/gradle/api/internal/artifacts/DefaultArtifactRepositoryContainerCustomizer> (0x00000000852a5a38) 
thrown [s\open\src\hotspot\share\classfile\systemDictionary.cpp, line 255]
Event: 337.971 Thread 0x0000026ebeba86f0 Exception <a 'java/lang/ClassNotFoundException'{0x00000000852cd040}: org/gradle/api/internal/artifacts/dsl/DefaultRepositoryHandlerCustomizer> (0x00000000852cd040) 
thrown [s\open\src\hotspot\share\classfile\systemDictionary.cpp, line 255]
Event: 337.985 Thread 0x0000026ebeba86f0 Exception <a 'java/lang/ClassNotFoundException'{0x0000000085102b58}: org/gradle/api/internal/artifacts/dsl/DefaultRepositoryHandler_DecoratedCustomizer> (0x0000000085102b58) 
thrown [s\open\src\hotspot\share\classfile\systemDictionary.cpp, line 255]
Event: 337.999 Thread 0x0000026ebeba86f0 Exception <a 'java/lang/ClassNotFoundException'{0x0000000085196048}: org/gradle/api/internal/artifacts/dsl/dependencies/DefaultDependencyHandler_DecoratedBeanInfo> (0x0000000085196048) 
thrown [s\open\src\hotspot\share\classfile\systemDictionary.cpp, line 255]
Event: 338.000 Thread 0x0000026ebeba86f0 Exception <a 'java/lang/ClassNotFoundException'{0x00000000851aac60}: org/gradle/api/internal/artifacts/dsl/dependencies/DefaultDependencyHandlerBeanInfo> (0x00000000851aac60) 
thrown [s\open\src\hotspot\share\classfile\systemDictionary.cpp, line 255]
Event: 338.001 Thread 0x0000026ebeba86f0 Exception <a 'java/lang/ClassNotFoundException'{0x00000000851bfaf0}: org/gradle/api/internal/artifacts/dsl/dependencies/DefaultDependencyHandlerCustomizer> (0x00000000851bfaf0) 
thrown [s\open\src\hotspot\share\classfile\systemDictionary.cpp, line 255]
Event: 338.004 Thread 0x0000026ebeba86f0 Exception <a 'java/lang/ClassNotFoundException'{0x00000000851fc6e0}: org/gradle/api/internal/artifacts/dsl/dependencies/DefaultDependencyHandler_DecoratedCustomizer> (0x00000000851fc6e0) 
thrown [s\open\src\hotspot\share\classfile\systemDictionary.cpp, line 255]
Event: 349.222 Thread 0x0000026ec26045d0 Exception <a 'java/lang/NoSuchMethodError'{0x0000000084b1a4c8}: 'java.lang.Object java.lang.invoke.DirectMethodHandle$Holder.newInvokeSpecial(java.lang.Object, java.lang.Object, java.lang.Object, java.lang.Object, int, java.lang.Object)'> (0x0000000084b1a4c8) 
thrown [s\open\src\hotspot\share\interpreter\linkResolver.cpp, line 774]
Event: 349.222 Thread 0x0000026ec26045d0 Exception <a 'java/lang/NoSuchMethodError'{0x0000000084b1e4b8}: 'java.lang.Object java.lang.invoke.Invokers$Holder.linkToTargetMethod(java.lang.Object, java.lang.Object, java.lang.Object, int, java.lang.Object, java.lang.Object)'> (0x0000000084b1e4b8) 
thrown [s\open\src\hotspot\share\interpreter\linkResolver.cpp, line 774]
Event: 349.420 Thread 0x0000026ec26075a0 Exception <a 'java/lang/NoSuchMethodError'{0x00000000849fe838}: 'int java.lang.invoke.DirectMethodHandle$Holder.invokeSpecial(java.lang.Object, java.lang.Object, java.lang.Object, java.lang.Object, java.lang.Object)'> (0x00000000849fe838) 
thrown [s\open\src\hotspot\share\interpreter\linkResolver.cpp, line 774]
Event: 350.815 Thread 0x0000026ec26075a0 Exception <a 'java/lang/NoSuchMethodError'{0x00000000857c9348}: method resolution failed> (0x00000000857c9348) 
thrown [s\open\src\hotspot\share\prims\methodHandles.cpp, line 1268]
Event: 353.498 Thread 0x0000026ec26075a0 Exception <a 'sun/nio/fs/WindowsException'{0x000000008586fe48}> (0x000000008586fe48) 
thrown [s\open\src\hotspot\share\prims\jni.cpp, line 517]
Event: 353.502 Thread 0x0000026ec26075a0 Exception <a 'sun/nio/fs/WindowsException'{0x0000000085885ac8}> (0x0000000085885ac8) 
thrown [s\open\src\hotspot\share\prims\jni.cpp, line 517]
Event: 353.504 Thread 0x0000026ec26075a0 Exception <a 'sun/nio/fs/WindowsException'{0x0000000085887ca8}> (0x0000000085887ca8) 
thrown [s\open\src\hotspot\share\prims\jni.cpp, line 517]
Event: 353.506 Thread 0x0000026ec26075a0 Exception <a 'sun/nio/fs/WindowsException'{0x0000000085889b30}> (0x0000000085889b30) 
thrown [s\open\src\hotspot\share\prims\jni.cpp, line 517]
Event: 357.731 Thread 0x0000026ebeba86f0 Exception <a 'java/lang/ClassNotFoundException'{0x0000000085aae0e0}: build_6hnpajqecauswn9o74ddpa03uBeanInfo> (0x0000000085aae0e0) 
thrown [s\open\src\hotspot\share\classfile\systemDictionary.cpp, line 255]
Event: 357.732 Thread 0x0000026ebeba86f0 Exception <a 'java/lang/ClassNotFoundException'{0x0000000085ab4770}: build_6hnpajqecauswn9o74ddpa03uCustomizer> (0x0000000085ab4770) 
thrown [s\open\src\hotspot\share\classfile\systemDictionary.cpp, line 255]
Event: 358.884 Thread 0x0000026ebeba86f0 Exception <a 'java/lang/ClassNotFoundException'{0x00000000858a3108}: build_25t9z6q22dx1hnfpy0dbf89adBeanInfo> (0x00000000858a3108) 
thrown [s\open\src\hotspot\share\classfile\systemDictionary.cpp, line 255]
Event: 358.884 Thread 0x0000026ebeba86f0 Exception <a 'java/lang/ClassNotFoundException'{0x00000000858a97f8}: build_25t9z6q22dx1hnfpy0dbf89adCustomizer> (0x00000000858a97f8) 
thrown [s\open\src\hotspot\share\classfile\systemDictionary.cpp, line 255]
Event: 362.671 Thread 0x0000026ebeba86f0 Implicit null exception at 0x0000026eaa853cac to 0x0000026eaa853dde

VM Operations (20 events):
Event: 360.955 Executing VM operation: HandshakeAllThreads done
Event: 361.027 Executing VM operation: HandshakeAllThreads
Event: 361.028 Executing VM operation: HandshakeAllThreads done
Event: 361.112 Executing VM operation: G1CollectForAllocation
Event: 361.115 Executing VM operation: G1CollectForAllocation done
Event: 361.258 Executing VM operation: HandshakeAllThreads
Event: 361.258 Executing VM operation: HandshakeAllThreads done
Event: 361.291 Executing VM operation: G1CollectForAllocation
Event: 361.294 Executing VM operation: G1CollectForAllocation done
Event: 362.303 Executing VM operation: Cleanup
Event: 362.305 Executing VM operation: Cleanup done
Event: 362.557 Executing VM operation: HandshakeAllThreads
Event: 362.558 Executing VM operation: HandshakeAllThreads done
Event: 362.697 Executing VM operation: HandshakeAllThreads
Event: 362.697 Executing VM operation: HandshakeAllThreads done
Event: 363.025 Executing VM operation: G1CollectForAllocation
Event: 363.028 Executing VM operation: G1CollectForAllocation done
Event: 363.032 Executing VM operation: G1TryInitiateConcMark
Event: 363.035 Executing VM operation: G1TryInitiateConcMark done
Event: 363.109 Executing VM operation: G1PauseRemark

Events (20 events):
Event: 361.273 Thread 0x0000026eb9ccd840 flushing nmethod 0x0000026ea3841410
Event: 361.273 Thread 0x0000026eb9ccd840 flushing nmethod 0x0000026ea3842d10
Event: 361.273 Thread 0x0000026eb9ccd840 flushing nmethod 0x0000026ea3891510
Event: 361.274 Thread 0x0000026eb9ccd840 flushing nmethod 0x0000026ea3991510
Event: 361.274 Thread 0x0000026eb9ccd840 flushing nmethod 0x0000026ea3992f10
Event: 361.274 Thread 0x0000026eb9ccd840 flushing nmethod 0x0000026ea3a11a10
Event: 361.274 Thread 0x0000026eb9ccd840 flushing nmethod 0x0000026ea3a29690
Event: 361.274 Thread 0x0000026eb9ccd840 flushing nmethod 0x0000026ea3a2b190
Event: 361.274 Thread 0x0000026eb9ccd840 flushing nmethod 0x0000026ea3a34710
Event: 361.274 Thread 0x0000026eb9ccd840 flushing nmethod 0x0000026ea3a6d010
Event: 361.274 Thread 0x0000026eb9ccd840 flushing nmethod 0x0000026ea3a6e610
Event: 361.274 Thread 0x0000026eb9ccd840 flushing nmethod 0x0000026ea3a6fe10
Event: 361.274 Thread 0x0000026eb9ccd840 flushing nmethod 0x0000026ea3a74e10
Event: 361.274 Thread 0x0000026eb9ccd840 flushing nmethod 0x0000026ea3a82410
Event: 361.274 Thread 0x0000026eb9ccd840 flushing nmethod 0x0000026ea3a93210
Event: 361.274 Thread 0x0000026eb9ccd840 flushing nmethod 0x0000026ea3ac0010
Event: 361.275 Thread 0x0000026eb9ccd840 flushing nmethod 0x0000026ea3aef690
Event: 361.275 Thread 0x0000026eb9ccd840 flushing nmethod 0x0000026ea3af7210
Event: 361.275 Thread 0x0000026eb9ccd840 flushing nmethod 0x0000026ea3afb690
Event: 361.275 Thread 0x0000026eb9ccd840 flushing nmethod 0x0000026ea3b3e610


Dynamic libraries:
0x00007ff73ee30000 - 0x00007ff73ee40000 	C:\Program Files\Java\jdk-19\bin\java.exe
0x00007ffe7ceb0000 - 0x00007ffe7d0c4000 	C:\WINDOWS\SYSTEM32\ntdll.dll
0x00007ffe7b7a0000 - 0x00007ffe7b864000 	C:\WINDOWS\System32\KERNEL32.DLL
0x00007ffe7a330000 - 0x00007ffe7a6d4000 	C:\WINDOWS\System32\KERNELBASE.dll
0x00007ffe7ab50000 - 0x00007ffe7ac61000 	C:\WINDOWS\System32\ucrtbase.dll
0x00007ffe42570000 - 0x00007ffe4258b000 	C:\Program Files\Java\jdk-19\bin\VCRUNTIME140.dll
0x00007ffe45d30000 - 0x00007ffe45d48000 	C:\Program Files\Java\jdk-19\bin\jli.dll
0x00007ffe7baa0000 - 0x00007ffe7bb50000 	C:\WINDOWS\System32\ADVAPI32.dll
0x00007ffe7cdc0000 - 0x00007ffe7ce67000 	C:\WINDOWS\System32\msvcrt.dll
0x00007ffe7ac70000 - 0x00007ffe7ad16000 	C:\WINDOWS\System32\sechost.dll
0x00007ffe7c4f0000 - 0x00007ffe7c607000 	C:\WINDOWS\System32\RPCRT4.dll
0x00007ffe7adb0000 - 0x00007ffe7af5a000 	C:\WINDOWS\System32\USER32.dll
0x00007ffe7ab20000 - 0x00007ffe7ab46000 	C:\WINDOWS\System32\win32u.dll
0x00007ffe7ad20000 - 0x00007ffe7ad49000 	C:\WINDOWS\System32\GDI32.dll
0x00007ffe7a940000 - 0x00007ffe7aa59000 	C:\WINDOWS\System32\gdi32full.dll
0x00007ffe7a290000 - 0x00007ffe7a32a000 	C:\WINDOWS\System32\msvcp_win.dll
0x00007ffe5b4a0000 - 0x00007ffe5b72f000 	C:\WINDOWS\WinSxS\amd64_microsoft.windows.common-controls_6595b64144ccf1df_6.0.22621.2070_none_2713e6537381f706\COMCTL32.dll
0x00007ffe712f0000 - 0x00007ffe712fa000 	C:\WINDOWS\SYSTEM32\VERSION.dll
0x00007ffe7b600000 - 0x00007ffe7b631000 	C:\WINDOWS\System32\IMM32.DLL
0x00007ffe67990000 - 0x00007ffe6799c000 	C:\Program Files\Java\jdk-19\bin\vcruntime140_1.dll
0x00007ffe2e120000 - 0x00007ffe2e1ae000 	C:\Program Files\Java\jdk-19\bin\msvcp140.dll
0x00007ffddbe30000 - 0x00007ffddcaf0000 	C:\Program Files\Java\jdk-19\bin\server\jvm.dll
0x00007ffe734e0000 - 0x00007ffe734e9000 	C:\WINDOWS\SYSTEM32\WSOCK32.dll
0x00007ffe7b880000 - 0x00007ffe7b8f1000 	C:\WINDOWS\System32\WS2_32.dll
0x00007ffe72480000 - 0x00007ffe724b4000 	C:\WINDOWS\SYSTEM32\WINMM.dll
0x00007ffe793a0000 - 0x00007ffe793b8000 	C:\WINDOWS\SYSTEM32\kernel.appcore.dll
0x00007ffe67930000 - 0x00007ffe6793a000 	C:\Program Files\Java\jdk-19\bin\jimage.dll
0x00007ffe77b50000 - 0x00007ffe77d7e000 	C:\WINDOWS\SYSTEM32\DBGHELP.DLL
0x00007ffe7b040000 - 0x00007ffe7b3ca000 	C:\WINDOWS\System32\combase.dll
0x00007ffe7b520000 - 0x00007ffe7b5f7000 	C:\WINDOWS\System32\OLEAUT32.dll
0x00007ffe5b990000 - 0x00007ffe5b9c2000 	C:\WINDOWS\SYSTEM32\dbgcore.DLL
0x00007ffe7a6e0000 - 0x00007ffe7a75a000 	C:\WINDOWS\System32\bcryptPrimitives.dll
0x00007ffe36920000 - 0x00007ffe36946000 	C:\Program Files\Java\jdk-19\bin\java.dll
0x00007ffe14790000 - 0x00007ffe14867000 	C:\Program Files\Java\jdk-19\bin\jsvml.dll
0x00007ffe7bca0000 - 0x00007ffe7c4b6000 	C:\WINDOWS\System32\SHELL32.dll
0x00007ffe78210000 - 0x00007ffe78afa000 	C:\WINDOWS\SYSTEM32\windows.storage.dll
0x00007ffe780d0000 - 0x00007ffe7820e000 	C:\WINDOWS\SYSTEM32\wintypes.dll
0x00007ffe7c610000 - 0x00007ffe7c703000 	C:\WINDOWS\System32\SHCORE.dll
0x00007ffe7af60000 - 0x00007ffe7afbe000 	C:\WINDOWS\System32\shlwapi.dll
0x00007ffe7a1c0000 - 0x00007ffe7a1e6000 	C:\WINDOWS\SYSTEM32\profapi.dll
0x00007ffe3b040000 - 0x00007ffe3b053000 	C:\Program Files\Java\jdk-19\bin\net.dll
0x00007ffe74000000 - 0x00007ffe74137000 	C:\WINDOWS\SYSTEM32\WINHTTP.dll
0x00007ffe79840000 - 0x00007ffe798a9000 	C:\WINDOWS\system32\mswsock.dll
0x00007ffe39140000 - 0x00007ffe39156000 	C:\Program Files\Java\jdk-19\bin\nio.dll
0x00007ffe38ab0000 - 0x00007ffe38ac8000 	C:\Program Files\Java\jdk-19\bin\zip.dll
0x00007ffe5fb70000 - 0x00007ffe5fb80000 	C:\Program Files\Java\jdk-19\bin\verify.dll
0x00007ffe5b410000 - 0x00007ffe5b437000 	C:\Users\ghshg\.gradle\native\68d5fa5c4cc2d200863cafc0d521ce42e7d3e7ee720ec0a83991735586a16f82\windows-amd64\native-platform.dll
0x00007ffe334e0000 - 0x00007ffe33624000 	C:\Users\ghshg\.gradle\native\e376f236ea51e6404a007f0833ffe2c6e607c4080706a723a18a27aeea778392\windows-amd64\native-platform-file-events.dll
0x00007ffe5d9b0000 - 0x00007ffe5d9ba000 	C:\Program Files\Java\jdk-19\bin\management.dll
0x00007ffe500f0000 - 0x00007ffe500fb000 	C:\Program Files\Java\jdk-19\bin\management_ext.dll
0x00007ffe7b740000 - 0x00007ffe7b748000 	C:\WINDOWS\System32\PSAPI.DLL
0x00007ffe79aa0000 - 0x00007ffe79abb000 	C:\WINDOWS\SYSTEM32\CRYPTSP.dll
0x00007ffe79310000 - 0x00007ffe79345000 	C:\WINDOWS\system32\rsaenh.dll
0x00007ffe79930000 - 0x00007ffe7995c000 	C:\WINDOWS\SYSTEM32\USERENV.dll
0x00007ffe79c50000 - 0x00007ffe79c78000 	C:\WINDOWS\SYSTEM32\bcrypt.dll
0x00007ffe79a90000 - 0x00007ffe79a9c000 	C:\WINDOWS\SYSTEM32\CRYPTBASE.dll
0x00007ffe78dc0000 - 0x00007ffe78ded000 	C:\WINDOWS\SYSTEM32\IPHLPAPI.DLL
0x00007ffe7b870000 - 0x00007ffe7b879000 	C:\WINDOWS\System32\NSI.dll
0x00007ffe718f0000 - 0x00007ffe71909000 	C:\WINDOWS\SYSTEM32\dhcpcsvc6.DLL
0x00007ffe718d0000 - 0x00007ffe718ef000 	C:\WINDOWS\SYSTEM32\dhcpcsvc.DLL
0x00007ffe78e30000 - 0x00007ffe78f23000 	C:\WINDOWS\SYSTEM32\DNSAPI.dll
0x00007ffe4eee0000 - 0x00007ffe4eee8000 	C:\Program Files\Java\jdk-19\bin\extnet.dll
0x00007ffe4ff90000 - 0x00007ffe4ff9e000 	C:\Program Files\Java\jdk-19\bin\sunmscapi.dll
0x00007ffe7a760000 - 0x00007ffe7a8c7000 	C:\WINDOWS\System32\CRYPT32.dll
0x00007ffe79c20000 - 0x00007ffe79c4e000 	C:\WINDOWS\SYSTEM32\ncrypt.dll
0x00007ffe79be0000 - 0x00007ffe79c17000 	C:\WINDOWS\SYSTEM32\NTASN1.dll
0x00007ffe62cc0000 - 0x00007ffe62cc8000 	C:\WINDOWS\system32\wshunix.dll

dbghelp: loaded successfully - version: 4.0.5 - missing functions: none
symbol engine: initialized successfully - sym options: 0x614 - pdb path: .;C:\Program Files\Java\jdk-19\bin;C:\WINDOWS\SYSTEM32;C:\WINDOWS\WinSxS\amd64_microsoft.windows.common-controls_6595b64144ccf1df_6.0.22621.2070_none_2713e6537381f706;C:\Program Files\Java\jdk-19\bin\server;C:\Users\ghshg\.gradle\native\68d5fa5c4cc2d200863cafc0d521ce42e7d3e7ee720ec0a83991735586a16f82\windows-amd64;C:\Users\ghshg\.gradle\native\e376f236ea51e6404a007f0833ffe2c6e607c4080706a723a18a27aeea778392\windows-amd64

VM Arguments:
jvm_args: -XX:MaxMetaspaceSize=512m --add-opens=java.base/java.util=ALL-UNNAMED --add-opens=java.base/java.lang=ALL-UNNAMED --add-opens=java.base/java.lang.invoke=ALL-UNNAMED --add-opens=java.prefs/java.util.prefs=ALL-UNNAMED --add-opens=java.base/java.nio.charset=ALL-UNNAMED --add-opens=java.base/java.net=ALL-UNNAMED --add-opens=java.base/java.util.concurrent.atomic=ALL-UNNAMED -Xmx2048m -Dfile.encoding=UTF-8 -Duser.country=KR -Duser.language=ko -Duser.variant 
java_command: org.gradle.launcher.daemon.bootstrap.GradleDaemon 8.0.1
java_class_path (initial): C:\Users\ghshg\.gradle\wrapper\dists\gradle-8.0.1-all\aro4hu1c3oeioove7l0i4i14o\gradle-8.0.1\lib\gradle-launcher-8.0.1.jar
Launcher Type: SUN_STANDARD

[Global flags]
     intx CICompilerCount                          = 4                                         {product} {ergonomic}
   size_t CompressedClassSpaceSize                 = 432013312                                 {product} {ergonomic}
     uint ConcGCThreads                            = 2                                         {product} {ergonomic}
     uint G1ConcRefinementThreads                  = 8                                         {product} {ergonomic}
   size_t G1HeapRegionSize                         = 1048576                                   {product} {ergonomic}
    uintx GCDrainStackTargetSize                   = 64                                        {product} {ergonomic}
   size_t InitialHeapSize                          = 130023424                                 {product} {ergonomic}
   size_t MarkStackSize                            = 4194304                                   {product} {ergonomic}
   size_t MaxHeapSize                              = 2147483648                                {product} {command line}
   size_t MaxMetaspaceSize                         = 536870912                                 {product} {command line}
   size_t MaxNewSize                               = 1287651328                                {product} {ergonomic}
   size_t MinHeapDeltaBytes                        = 1048576                                   {product} {ergonomic}
   size_t MinHeapSize                              = 8388608                                   {product} {ergonomic}
    uintx NonNMethodCodeHeapSize                   = 5839372                                {pd product} {ergonomic}
    uintx NonProfiledCodeHeapSize                  = 122909434                              {pd product} {ergonomic}
    uintx ProfiledCodeHeapSize                     = 122909434                              {pd product} {ergonomic}
    uintx ReservedCodeCacheSize                    = 251658240                              {pd product} {ergonomic}
     bool SegmentedCodeCache                       = true                                      {product} {ergonomic}
   size_t SoftMaxHeapSize                          = 2147483648                             {manageable} {ergonomic}
     bool UseCompressedClassPointers               = true                           {product lp64_product} {ergonomic}
     bool UseCompressedOops                        = true                           {product lp64_product} {ergonomic}
     bool UseG1GC                                  = true                                      {product} {ergonomic}
     bool UseLargePagesIndividualAllocation        = false                                  {pd product} {ergonomic}

Logging:
Log output configuration:
 #0: stdout all=warning uptime,level,tags foldmultilines=false
 #1: stderr all=off uptime,level,tags foldmultilines=false

Environment Variables:
JAVA_HOME=C:\Program Files\Java\jdk-19
CLASSPATH=C:\react-native\Arriversary\android\\gradle\wrapper\gradle-wrapper.jar
PATH=C:\react-native\Arriversary\node_modules\.bin;C:\react-native\Arriversary\node_modules\.bin;C:\react-native\node_modules\.bin;C:\node_modules\.bin;C:\Users\ghshg\AppData\Roaming\npm\node_modules\npm\node_modules\@npmcli\run-script\lib\node-gyp-bin;C:\Program Files\NVIDIA GPU Computing Toolkit\CUDA\v12.2\bin;C:\Program Files\NVIDIA GPU Computing Toolkit\CUDA\v12.2\libnvvp;C:\Program Files\MySQL\MySQL Shell 8.0\bin\;C:\Users\ghshg\AppData\Local\Microsoft\WindowsApps;C:\Program Files\JetBrains\IntelliJ IDEA Community Edition 2021.3.2\bin;C:\Microsoft VS Code\bin;C:\Program Files\Java\jdk-18.0.1.1;C:\Users\ghshg\AppData\Roaming\npm;C:\MinGW\bin;C:\Program Files\nodejs\;C:\platform-tools;C:\Program Files\NVIDIA Corporation\Nsight Compute 2023.2.0\;C:\Program Files (x86)\NVIDIA Corporation\PhysX\Common;C:\Users\ghshg\AppData\Local\Packages\PythonSoftwareFoundation.Python.3.10_qbz5n2kfra8p0\LocalCache\local-packages\Python310\Scripts;C:\Windows\System32;C:\Program Files\Git\cmd;C:\Program Files\Java\jdk-19\bin;C:\Users\ghshg\scoop\shims;C:\Program Files\MySQL\MySQL Shell 8.0\bin\;C:\Users\ghshg\AppData\Local\Microsoft\WindowsApps;C:\Program Files\JetBrains\IntelliJ IDEA Community Edition 2021.3.2\bin;;C:\Microsoft VS Code\bin;C:\Program Files\Java\jdk-18.0.1.1;C:\Users\ghshg\AppData\Roaming\npm;C:\MinGW\bin;C:\Program Files\nodejs\;
USERNAME=ghshgd
LANG=en_US.UTF-8
OS=Windows_NT
PROCESSOR_IDENTIFIER=Intel64 Family 6 Model 140 Stepping 1, GenuineIntel
TMP=C:\Users\ghshg\AppData\Local\Temp
TEMP=C:\Users\ghshg\AppData\Local\Temp



---------------  S Y S T E M  ---------------

OS:
 Windows 11 , 64 bit Build 22621 (10.0.22621.2070)
OS uptime: 1 days 6:23 hours
Hyper-V role detected

CPU: total 8 (initial active 8) (4 cores per cpu, 2 threads per core) family 6 model 140 stepping 1 microcode 0x9a, cx8, cmov, fxsr, ht, mmx, 3dnowpref, sse, sse2, sse3, ssse3, sse4.1, sse4.2, popcnt, lzcnt, tsc, tscinvbit, avx, avx2, aes, erms, clmul, bmi1, bmi2, adx, avx512f, avx512dq, avx512cd, avx512bw, avx512vl, sha, fma, vzeroupper, avx512_vpopcntdq, avx512_vpclmulqdq, avx512_vaes, avx512_vnni, clflush, clflushopt, clwb, avx512_vbmi2, avx512_vbmi, hv, rdtscp, rdpid, fsrm, gfni, avx512_bitalg

Memory: 4k page, system-wide physical 7865M (254M free)
TotalPageFile size 27844M (AvailPageFile size 75M)
current process WorkingSet (physical memory assigned to process): 286M, peak: 286M
current process commit charge ("private bytes"): 370M, peak: 385M

vm_info: Java HotSpot(TM) 64-Bit Server VM (19.0.2+7-44) for windows-amd64 JRE (19.0.2+7-44), built on 2022-11-30T18:02:09Z by "mach5one" with MS VC++ 17.1 (VS2022)

END.
